# JRE version: Java(TM) SE Runtime Environment (8.0_161-b12) (build 1.8.0_161-b12)
# Java VM: Java HotSpot(TM) 64-Bit Server VM (25.161-b12 mixed mode linux-amd64 compressed oops)
Heap:
 PSYoungGen      total 199168K, used 116972K [0x00000000f0000000, 0x0000000100000000, 0x0000000100000000)
  eden space 137728K, 62% used [0x00000000f0000000,0x00000000f536f5c0,0x00000000f8680000)
  from space 61440K, 51% used [0x00000000f8680000,0x00000000fa54bd80,0x00000000fc280000)
  to   space 58880K, 0% used [0x00000000fc680000,0x00000000fc680000,0x0000000100000000)
 ParOldGen       total 524288K, used 120892K [0x00000000d0000000, 0x00000000f0000000, 0x00000000f0000000)
  object space 524288K, 23% used [0x00000000d0000000,0x00000000d760f328,0x00000000f0000000)
 Metaspace       used 83455K, capacity 88420K, committed 88728K, reserved 1124352K
  class space    used 12081K, capacity 13663K, committed 13720K, reserved 1048576K
GC Heap History (10 events):
Event: 357,065 GC heap before
{Heap before GC invocations=50 (full 3):
 PSYoungGen      total 192512K, used 165543K [0x00000000f0000000, 0x0000000100000000, 0x0000000100000000)
  eden space 122880K, 99% used [0x00000000f0000000,0x00000000f77ef7e0,0x00000000f7800000)
  from space 69632K, 61% used [0x00000000fbc00000,0x00000000fe5ba440,0x0000000100000000)
  to   space 69632K, 0% used [0x00000000f7800000,0x00000000f7800000,0x00000000fbc00000)
 ParOldGen       total 524288K, used 100860K [0x00000000d0000000, 0x00000000f0000000, 0x00000000f0000000)
  object space 524288K, 19% used [0x00000000d0000000,0x00000000d627f1a8,0x00000000f0000000)
 Metaspace       used 81540K, capacity 86260K, committed 86424K, reserved 1122304K
  class space    used 11859K, capacity 13388K, committed 13464K, reserved 1048576K
Event: 357,127 GC heap after
Heap after GC invocations=50 (full 3):
 PSYoungGen      total 192512K, used 41413K [0x00000000f0000000, 0x0000000100000000, 0x0000000100000000)
  eden space 122880K, 0% used [0x00000000f0000000,0x00000000f0000000,0x00000000f7800000)
  from space 69632K, 59% used [0x00000000f7800000,0x00000000fa0715b8,0x00000000fbc00000)
  to   space 68608K, 0% used [0x00000000fbd00000,0x00000000fbd00000,0x0000000100000000)
 ParOldGen       total 524288K, used 102876K [0x00000000d0000000, 0x00000000f0000000, 0x00000000f0000000)
  object space 524288K, 19% used [0x00000000d0000000,0x00000000d6477048,0x00000000f0000000)
 Metaspace       used 81540K, capacity 86260K, committed 86424K, reserved 1122304K
  class space    used 11859K, capacity 13388K, committed 13464K, reserved 1048576K
}
Event: 364,227 GC heap before
{Heap before GC invocations=51 (full 3):
 PSYoungGen      total 192512K, used 164293K [0x00000000f0000000, 0x0000000100000000, 0x0000000100000000)
  eden space 122880K, 100% used [0x00000000f0000000,0x00000000f7800000,0x00000000f7800000)
  from space 69632K, 59% used [0x00000000f7800000,0x00000000fa0715b8,0x00000000fbc00000)
  to   space 68608K, 0% used [0x00000000fbd00000,0x00000000fbd00000,0x0000000100000000)
 ParOldGen       total 524288K, used 102876K [0x00000000d0000000, 0x00000000f0000000, 0x00000000f0000000)
  object space 524288K, 19% used [0x00000000d0000000,0x00000000d6477048,0x00000000f0000000)
 Metaspace       used 81782K, capacity 86534K, committed 86808K, reserved 1122304K
  class space    used 11914K, capacity 13474K, committed 13592K, reserved 1048576K
Event: 364,284 GC heap after
Heap after GC invocations=51 (full 3):
 PSYoungGen      total 196096K, used 36879K [0x00000000f0000000, 0x0000000100000000, 0x0000000100000000)
  eden space 127488K, 0% used [0x00000000f0000000,0x00000000f0000000,0x00000000f7c80000)
  from space 68608K, 53% used [0x00000000fbd00000,0x00000000fe103d38,0x0000000100000000)
  to   space 66048K, 0% used [0x00000000f7c80000,0x00000000f7c80000,0x00000000fbd00000)
 ParOldGen       total 524288K, used 108176K [0x00000000d0000000, 0x00000000f0000000, 0x00000000f0000000)
  object space 524288K, 20% used [0x00000000d0000000,0x00000000d69a4098,0x00000000f0000000)
 Metaspace       used 81782K, capacity 86534K, committed 86808K, reserved 1122304K
  class space    used 11914K, capacity 13474K, committed 13592K, reserved 1048576K
}
Event: 423,160 GC heap before
{Heap before GC invocations=52 (full 3):
 PSYoungGen      total 196096K, used 164367K [0x00000000f0000000, 0x0000000100000000, 0x0000000100000000)
  eden space 127488K, 100% used [0x00000000f0000000,0x00000000f7c80000,0x00000000f7c80000)
  from space 68608K, 53% used [0x00000000fbd00000,0x00000000fe103d38,0x0000000100000000)
  to   space 66048K, 0% used [0x00000000f7c80000,0x00000000f7c80000,0x00000000fbd00000)
 ParOldGen       total 524288K, used 108176K [0x00000000d0000000, 0x00000000f0000000, 0x00000000f0000000)
  object space 524288K, 20% used [0x00000000d0000000,0x00000000d69a4098,0x00000000f0000000)
 Metaspace       used 81836K, capacity 86624K, committed 86808K, reserved 1122304K
  class space    used 11924K, capacity 13489K, committed 13592K, reserved 1048576K
Event: 423,199 GC heap after
Heap after GC invocations=52 (full 3):
 PSYoungGen      total 193536K, used 33799K [0x00000000f0000000, 0x0000000100000000, 0x0000000100000000)
  eden space 127488K, 0% used [0x00000000f0000000,0x00000000f0000000,0x00000000f7c80000)
  from space 66048K, 51% used [0x00000000f7c80000,0x00000000f9d81db0,0x00000000fbd00000)
  to   space 62976K, 0% used [0x00000000fc280000,0x00000000fc280000,0x0000000100000000)
 ParOldGen       total 524288K, used 111518K [0x00000000d0000000, 0x00000000f0000000, 0x00000000f0000000)
  object space 524288K, 21% used [0x00000000d0000000,0x00000000d6ce78f0,0x00000000f0000000)
 Metaspace       used 81836K, capacity 86624K, committed 86808K, reserved 1122304K
  class space    used 11924K, capacity 13489K, committed 13592K, reserved 1048576K
}
Event: 507,131 GC heap before
{Heap before GC invocations=53 (full 3):
 PSYoungGen      total 193536K, used 161287K [0x00000000f0000000, 0x0000000100000000, 0x0000000100000000)
  eden space 127488K, 100% used [0x00000000f0000000,0x00000000f7c80000,0x00000000f7c80000)
  from space 66048K, 51% used [0x00000000f7c80000,0x00000000f9d81db0,0x00000000fbd00000)
  to   space 62976K, 0% used [0x00000000fc280000,0x00000000fc280000,0x0000000100000000)
 ParOldGen       total 524288K, used 111518K [0x00000000d0000000, 0x00000000f0000000, 0x00000000f0000000)
  object space 524288K, 21% used [0x00000000d0000000,0x00000000d6ce78f0,0x00000000f0000000)
 Metaspace       used 82105K, capacity 87012K, committed 87320K, reserved 1122304K
  class space    used 11945K, capacity 13512K, committed 13592K, reserved 1048576K
Event: 507,166 GC heap after
Heap after GC invocations=53 (full 3):
 PSYoungGen      total 200704K, used 29853K [0x00000000f0000000, 0x0000000100000000, 0x0000000100000000)
  eden space 137728K, 0% used [0x00000000f0000000,0x00000000f0000000,0x00000000f8680000)
  from space 62976K, 47% used [0x00000000fc280000,0x00000000fdfa7610,0x0000000100000000)
  to   space 61440K, 0% used [0x00000000f8680000,0x00000000f8680000,0x00000000fc280000)
 ParOldGen       total 524288K, used 116050K [0x00000000d0000000, 0x00000000f0000000, 0x00000000f0000000)
  object space 524288K, 22% used [0x00000000d0000000,0x00000000d7154be0,0x00000000f0000000)
 Metaspace       used 82105K, capacity 87012K, committed 87320K, reserved 1122304K
  class space    used 11945K, capacity 13512K, committed 13592K, reserved 1048576K
}
Event: 1440,937 GC heap before
{Heap before GC invocations=54 (full 3):
 PSYoungGen      total 200704K, used 167581K [0x00000000f0000000, 0x0000000100000000, 0x0000000100000000)
  eden space 137728K, 99% used [0x00000000f0000000,0x00000000f867ff80,0x00000000f8680000)
  from space 62976K, 47% used [0x00000000fc280000,0x00000000fdfa7610,0x0000000100000000)
  to   space 61440K, 0% used [0x00000000f8680000,0x00000000f8680000,0x00000000fc280000)
 ParOldGen       total 524288K, used 116050K [0x00000000d0000000, 0x00000000f0000000, 0x00000000f0000000)
  object space 524288K, 22% used [0x00000000d0000000,0x00000000d7154be0,0x00000000f0000000)
 Metaspace       used 82711K, capacity 87612K, committed 87832K, reserved 1124352K
  class space    used 12011K, capacity 13580K, committed 13592K, reserved 1048576K
Event: 1441,217 GC heap after
Heap after GC invocations=54 (full 3):
 PSYoungGen      total 199168K, used 31535K [0x00000000f0000000, 0x0000000100000000, 0x0000000100000000)
  eden space 137728K, 0% used [0x00000000f0000000,0x00000000f0000000,0x00000000f8680000)
  from space 61440K, 51% used [0x00000000f8680000,0x00000000fa54bd80,0x00000000fc280000)
  to   space 58880K, 0% used [0x00000000fc680000,0x00000000fc680000,0x0000000100000000)
 ParOldGen       total 524288K, used 120892K [0x00000000d0000000, 0x00000000f0000000, 0x00000000f0000000)
  object space 524288K, 23% used [0x00000000d0000000,0x00000000d760f328,0x00000000f0000000)
 Metaspace       used 82711K, capacity 87612K, committed 87832K, reserved 1124352K
  class space    used 12011K, capacity 13580K, committed 13592K, reserved 1048576K
}

