# JRE version: Java(TM) SE Runtime Environment (8.0_161-b12) (build 1.8.0_161-b12)
# Java VM: Java HotSpot(TM) 64-Bit Server VM (25.161-b12 mixed mode linux-amd64 compressed oops)
Heap:
 PSYoungGen      total 199168K, used 176349K [0x00000000f0000000, 0x0000000100000000, 0x0000000100000000)
  eden space 137216K, 98% used [0x00000000f0000000,0x00000000f8426d50,0x00000000f8600000)
  from space 61952K, 66% used [0x00000000fc380000,0x00000000feb906b8,0x0000000100000000)
  to   space 62464K, 0% used [0x00000000f8600000,0x00000000f8600000,0x00000000fc300000)
 ParOldGen       total 524288K, used 98826K [0x00000000d0000000, 0x00000000f0000000, 0x00000000f0000000)
  object space 524288K, 18% used [0x00000000d0000000,0x00000000d6082ae0,0x00000000f0000000)
 Metaspace       used 77891K, capacity 82614K, committed 82708K, reserved 1120256K
  class space    used 9888K, capacity 11304K, committed 11324K, reserved 1048576K
GC Heap History (10 events):
Event: 466,413 GC heap before
{Heap before GC invocations=35 (full 3):
 PSYoungGen      total 198656K, used 198577K [0x00000000f0000000, 0x0000000100000000, 0x0000000100000000)
  eden space 158720K, 100% used [0x00000000f0000000,0x00000000f9b00000,0x00000000f9b00000)
  from space 39936K, 99% used [0x00000000f9b00000,0x00000000fc1ec6b8,0x00000000fc200000)
  to   space 54784K, 0% used [0x00000000fca80000,0x00000000fca80000,0x0000000100000000)
 ParOldGen       total 524288K, used 98786K [0x00000000d0000000, 0x00000000f0000000, 0x00000000f0000000)
  object space 524288K, 18% used [0x00000000d0000000,0x00000000d6078ae0,0x00000000f0000000)
 Metaspace       used 74245K, capacity 78630K, committed 78868K, reserved 1118208K
  class space    used 9605K, capacity 10966K, committed 11068K, reserved 1048576K
Event: 466,469 GC heap after
Heap after GC invocations=35 (full 3):
 PSYoungGen      total 202240K, used 39817K [0x00000000f0000000, 0x0000000100000000, 0x0000000100000000)
  eden space 147456K, 0% used [0x00000000f0000000,0x00000000f0000000,0x00000000f9000000)
  from space 54784K, 72% used [0x00000000fca80000,0x00000000ff162478,0x0000000100000000)
  to   space 57344K, 0% used [0x00000000f9000000,0x00000000f9000000,0x00000000fc800000)
 ParOldGen       total 524288K, used 98794K [0x00000000d0000000, 0x00000000f0000000, 0x00000000f0000000)
  object space 524288K, 18% used [0x00000000d0000000,0x00000000d607aae0,0x00000000f0000000)
 Metaspace       used 74245K, capacity 78630K, committed 78868K, reserved 1118208K
  class space    used 9605K, capacity 10966K, committed 11068K, reserved 1048576K
}
Event: 523,011 GC heap before
{Heap before GC invocations=36 (full 3):
 PSYoungGen      total 202240K, used 187166K [0x00000000f0000000, 0x0000000100000000, 0x0000000100000000)
  eden space 147456K, 99% used [0x00000000f0000000,0x00000000f8fe5458,0x00000000f9000000)
  from space 54784K, 72% used [0x00000000fca80000,0x00000000ff162478,0x0000000100000000)
  to   space 57344K, 0% used [0x00000000f9000000,0x00000000f9000000,0x00000000fc800000)
 ParOldGen       total 524288K, used 98794K [0x00000000d0000000, 0x00000000f0000000, 0x00000000f0000000)
  object space 524288K, 18% used [0x00000000d0000000,0x00000000d607aae0,0x00000000f0000000)
 Metaspace       used 74753K, capacity 79272K, committed 79380K, reserved 1118208K
  class space    used 9650K, capacity 11025K, committed 11068K, reserved 1048576K
Event: 523,051 GC heap after
Heap after GC invocations=36 (full 3):
 PSYoungGen      total 187904K, used 40128K [0x00000000f0000000, 0x0000000100000000, 0x0000000100000000)
  eden space 147456K, 0% used [0x00000000f0000000,0x00000000f0000000,0x00000000f9000000)
  from space 40448K, 99% used [0x00000000f9000000,0x00000000fb730078,0x00000000fb780000)
  to   space 59392K, 0% used [0x00000000fc600000,0x00000000fc600000,0x0000000100000000)
 ParOldGen       total 524288K, used 98802K [0x00000000d0000000, 0x00000000f0000000, 0x00000000f0000000)
  object space 524288K, 18% used [0x00000000d0000000,0x00000000d607cae0,0x00000000f0000000)
 Metaspace       used 74753K, capacity 79272K, committed 79380K, reserved 1118208K
  class space    used 9650K, capacity 11025K, committed 11068K, reserved 1048576K
}
Event: 553,107 GC heap before
{Heap before GC invocations=37 (full 3):
 PSYoungGen      total 187904K, used 187584K [0x00000000f0000000, 0x0000000100000000, 0x0000000100000000)
  eden space 147456K, 100% used [0x00000000f0000000,0x00000000f9000000,0x00000000f9000000)
  from space 40448K, 99% used [0x00000000f9000000,0x00000000fb730078,0x00000000fb780000)
  to   space 59392K, 0% used [0x00000000fc600000,0x00000000fc600000,0x0000000100000000)
 ParOldGen       total 524288K, used 98802K [0x00000000d0000000, 0x00000000f0000000, 0x00000000f0000000)
  object space 524288K, 18% used [0x00000000d0000000,0x00000000d607cae0,0x00000000f0000000)
 Metaspace       used 76026K, capacity 80596K, committed 80788K, reserved 1118208K
  class space    used 9742K, capacity 11124K, committed 11196K, reserved 1048576K
Event: 553,148 GC heap after
Heap after GC invocations=37 (full 3):
 PSYoungGen      total 200704K, used 39284K [0x00000000f0000000, 0x0000000100000000, 0x0000000100000000)
  eden space 141312K, 0% used [0x00000000f0000000,0x00000000f0000000,0x00000000f8a00000)
  from space 59392K, 66% used [0x00000000fc600000,0x00000000fec5d010,0x0000000100000000)
  to   space 60416K, 0% used [0x00000000f8a00000,0x00000000f8a00000,0x00000000fc500000)
 ParOldGen       total 524288K, used 98810K [0x00000000d0000000, 0x00000000f0000000, 0x00000000f0000000)
  object space 524288K, 18% used [0x00000000d0000000,0x00000000d607eae0,0x00000000f0000000)
 Metaspace       used 76026K, capacity 80596K, committed 80788K, reserved 1118208K
  class space    used 9742K, capacity 11124K, committed 11196K, reserved 1048576K
}
Event: 615,527 GC heap before
{Heap before GC invocations=38 (full 3):
 PSYoungGen      total 200704K, used 180596K [0x00000000f0000000, 0x0000000100000000, 0x0000000100000000)
  eden space 141312K, 100% used [0x00000000f0000000,0x00000000f8a00000,0x00000000f8a00000)
  from space 59392K, 66% used [0x00000000fc600000,0x00000000fec5d010,0x0000000100000000)
  to   space 60416K, 0% used [0x00000000f8a00000,0x00000000f8a00000,0x00000000fc500000)
 ParOldGen       total 524288K, used 98810K [0x00000000d0000000, 0x00000000f0000000, 0x00000000f0000000)
  object space 524288K, 18% used [0x00000000d0000000,0x00000000d607eae0,0x00000000f0000000)
 Metaspace       used 76508K, capacity 81050K, committed 81300K, reserved 1120256K
  class space    used 9782K, capacity 11164K, committed 11196K, reserved 1048576K
Event: 615,573 GC heap after
Heap after GC invocations=38 (full 3):
 PSYoungGen      total 180736K, used 40593K [0x00000000f0000000, 0x0000000100000000, 0x0000000100000000)
  eden space 139776K, 0% used [0x00000000f0000000,0x00000000f0000000,0x00000000f8880000)
  from space 40960K, 99% used [0x00000000f8a00000,0x00000000fb1a4740,0x00000000fb200000)
  to   space 61952K, 0% used [0x00000000fc380000,0x00000000fc380000,0x0000000100000000)
 ParOldGen       total 524288K, used 98818K [0x00000000d0000000, 0x00000000f0000000, 0x00000000f0000000)
  object space 524288K, 18% used [0x00000000d0000000,0x00000000d6080ae0,0x00000000f0000000)
 Metaspace       used 76508K, capacity 81050K, committed 81300K, reserved 1120256K
  class space    used 9782K, capacity 11164K, committed 11196K, reserved 1048576K
}
Event: 922,175 GC heap before
{Heap before GC invocations=39 (full 3):
 PSYoungGen      total 180736K, used 180368K [0x00000000f0000000, 0x0000000100000000, 0x0000000100000000)
  eden space 139776K, 99% used [0x00000000f0000000,0x00000000f887f9a0,0x00000000f8880000)
  from space 40960K, 99% used [0x00000000f8a00000,0x00000000fb1a4740,0x00000000fb200000)
  to   space 61952K, 0% used [0x00000000fc380000,0x00000000fc380000,0x0000000100000000)
 ParOldGen       total 524288K, used 98818K [0x00000000d0000000, 0x00000000f0000000, 0x00000000f0000000)
  object space 524288K, 18% used [0x00000000d0000000,0x00000000d6080ae0,0x00000000f0000000)
 Metaspace       used 77567K, capacity 82320K, committed 82452K, reserved 1120256K
  class space    used 9856K, capacity 11286K, committed 11324K, reserved 1048576K
Event: 922,240 GC heap after
Heap after GC invocations=39 (full 3):
 PSYoungGen      total 199168K, used 41025K [0x00000000f0000000, 0x0000000100000000, 0x0000000100000000)
  eden space 137216K, 0% used [0x00000000f0000000,0x00000000f0000000,0x00000000f8600000)
  from space 61952K, 66% used [0x00000000fc380000,0x00000000feb906b8,0x0000000100000000)
  to   space 62464K, 0% used [0x00000000f8600000,0x00000000f8600000,0x00000000fc300000)
 ParOldGen       total 524288K, used 98826K [0x00000000d0000000, 0x00000000f0000000, 0x00000000f0000000)
  object space 524288K, 18% used [0x00000000d0000000,0x00000000d6082ae0,0x00000000f0000000)
 Metaspace       used 77567K, capacity 82320K, committed 82452K, reserved 1120256K
  class space    used 9856K, capacity 11286K, committed 11324K, reserved 1048576K
}

