# JRE version: Java(TM) SE Runtime Environment (8.0_161-b12) (build 1.8.0_161-b12)
# Java VM: Java HotSpot(TM) 64-Bit Server VM (25.161-b12 mixed mode linux-amd64 compressed oops)
Heap:
 PSYoungGen      total 218624K, used 99880K [0x00000000f0000000, 0x0000000100000000, 0x0000000100000000)
  eden space 176128K, 32% used [0x00000000f0000000,0x00000000f3864458,0x00000000fac00000)
  from space 42496K, 99% used [0x00000000fac00000,0x00000000fd525cb8,0x00000000fd580000)
  to   space 43520K, 0% used [0x00000000fd580000,0x00000000fd580000,0x0000000100000000)
 ParOldGen       total 524288K, used 84239K [0x00000000d0000000, 0x00000000f0000000, 0x00000000f0000000)
  object space 524288K, 16% used [0x00000000d0000000,0x00000000d5243f50,0x00000000f0000000)
 Metaspace       used 71055K, capacity 75026K, committed 75264K, reserved 1114112K
  class space    used 9269K, capacity 10492K, committed 10496K, reserved 1048576K
GC Heap History (10 events):
Event: 92,792 GC heap before
{Heap before GC invocations=28 (full 3):
 PSYoungGen      total 222720K, used 202197K [0x00000000f0000000, 0x0000000100000000, 0x0000000100000000)
  eden space 181760K, 100% used [0x00000000f0000000,0x00000000fb180000,0x00000000fb180000)
  from space 40960K, 49% used [0x00000000fd800000,0x00000000febf5488,0x0000000100000000)
  to   space 39424K, 0% used [0x00000000fb180000,0x00000000fb180000,0x00000000fd800000)
 ParOldGen       total 524288K, used 84199K [0x00000000d0000000, 0x00000000f0000000, 0x00000000f0000000)
  object space 524288K, 16% used [0x00000000d0000000,0x00000000d5239f50,0x00000000f0000000)
 Metaspace       used 67126K, capacity 69904K, committed 70144K, reserved 1110016K
  class space    used 8692K, capacity 9622K, committed 9728K, reserved 1048576K
Event: 92,815 GC heap after
Heap after GC invocations=28 (full 3):
 PSYoungGen      total 221184K, used 23470K [0x00000000f0000000, 0x0000000100000000, 0x0000000100000000)
  eden space 181760K, 0% used [0x00000000f0000000,0x00000000f0000000,0x00000000fb180000)
  from space 39424K, 59% used [0x00000000fb180000,0x00000000fc86b888,0x00000000fd800000)
  to   space 38912K, 0% used [0x00000000fda00000,0x00000000fda00000,0x0000000100000000)
 ParOldGen       total 524288K, used 84207K [0x00000000d0000000, 0x00000000f0000000, 0x00000000f0000000)
  object space 524288K, 16% used [0x00000000d0000000,0x00000000d523bf50,0x00000000f0000000)
 Metaspace       used 67126K, capacity 69904K, committed 70144K, reserved 1110016K
  class space    used 8692K, capacity 9622K, committed 9728K, reserved 1048576K
}
Event: 99,379 GC heap before
{Heap before GC invocations=29 (full 3):
 PSYoungGen      total 221184K, used 205230K [0x00000000f0000000, 0x0000000100000000, 0x0000000100000000)
  eden space 181760K, 100% used [0x00000000f0000000,0x00000000fb180000,0x00000000fb180000)
  from space 39424K, 59% used [0x00000000fb180000,0x00000000fc86b888,0x00000000fd800000)
  to   space 38912K, 0% used [0x00000000fda00000,0x00000000fda00000,0x0000000100000000)
 ParOldGen       total 524288K, used 84207K [0x00000000d0000000, 0x00000000f0000000, 0x00000000f0000000)
  object space 524288K, 16% used [0x00000000d0000000,0x00000000d523bf50,0x00000000f0000000)
 Metaspace       used 68125K, capacity 71322K, committed 71424K, reserved 1110016K
  class space    used 8884K, capacity 9892K, committed 9984K, reserved 1048576K
Event: 99,410 GC heap after
Heap after GC invocations=29 (full 3):
 PSYoungGen      total 221184K, used 26542K [0x00000000f0000000, 0x0000000100000000, 0x0000000100000000)
  eden space 182272K, 0% used [0x00000000f0000000,0x00000000f0000000,0x00000000fb200000)
  from space 38912K, 68% used [0x00000000fda00000,0x00000000ff3ebbe8,0x0000000100000000)
  to   space 39936K, 0% used [0x00000000fb200000,0x00000000fb200000,0x00000000fd900000)
 ParOldGen       total 524288K, used 84215K [0x00000000d0000000, 0x00000000f0000000, 0x00000000f0000000)
  object space 524288K, 16% used [0x00000000d0000000,0x00000000d523df50,0x00000000f0000000)
 Metaspace       used 68125K, capacity 71322K, committed 71424K, reserved 1110016K
  class space    used 8884K, capacity 9892K, committed 9984K, reserved 1048576K
}
Event: 113,289 GC heap before
{Heap before GC invocations=30 (full 3):
 PSYoungGen      total 221184K, used 208814K [0x00000000f0000000, 0x0000000100000000, 0x0000000100000000)
  eden space 182272K, 100% used [0x00000000f0000000,0x00000000fb200000,0x00000000fb200000)
  from space 38912K, 68% used [0x00000000fda00000,0x00000000ff3ebbe8,0x0000000100000000)
  to   space 39936K, 0% used [0x00000000fb200000,0x00000000fb200000,0x00000000fd900000)
 ParOldGen       total 524288K, used 84215K [0x00000000d0000000, 0x00000000f0000000, 0x00000000f0000000)
  object space 524288K, 16% used [0x00000000d0000000,0x00000000d523df50,0x00000000f0000000)
 Metaspace       used 68580K, capacity 71914K, committed 72064K, reserved 1112064K
  class space    used 8976K, capacity 10020K, committed 10112K, reserved 1048576K
Event: 113,320 GC heap after
Heap after GC invocations=30 (full 3):
 PSYoungGen      total 211456K, used 28783K [0x00000000f0000000, 0x0000000100000000, 0x0000000100000000)
  eden space 182272K, 0% used [0x00000000f0000000,0x00000000f0000000,0x00000000fb200000)
  from space 29184K, 98% used [0x00000000fb200000,0x00000000fce1bc08,0x00000000fce80000)
  to   space 40960K, 0% used [0x00000000fd800000,0x00000000fd800000,0x0000000100000000)
 ParOldGen       total 524288K, used 84223K [0x00000000d0000000, 0x00000000f0000000, 0x00000000f0000000)
  object space 524288K, 16% used [0x00000000d0000000,0x00000000d523ff50,0x00000000f0000000)
 Metaspace       used 68580K, capacity 71914K, committed 72064K, reserved 1112064K
  class space    used 8976K, capacity 10020K, committed 10112K, reserved 1048576K
}
Event: 228,128 GC heap before
{Heap before GC invocations=31 (full 3):
 PSYoungGen      total 211456K, used 210993K [0x00000000f0000000, 0x0000000100000000, 0x0000000100000000)
  eden space 182272K, 99% used [0x00000000f0000000,0x00000000fb1f09b8,0x00000000fb200000)
  from space 29184K, 98% used [0x00000000fb200000,0x00000000fce1bc08,0x00000000fce80000)
  to   space 40960K, 0% used [0x00000000fd800000,0x00000000fd800000,0x0000000100000000)
 ParOldGen       total 524288K, used 84223K [0x00000000d0000000, 0x00000000f0000000, 0x00000000f0000000)
  object space 524288K, 16% used [0x00000000d0000000,0x00000000d523ff50,0x00000000f0000000)
 Metaspace       used 69198K, capacity 72942K, committed 73088K, reserved 1112064K
  class space    used 9100K, capacity 10265K, committed 10368K, reserved 1048576K
Event: 228,160 GC heap after
Heap after GC invocations=31 (full 3):
 PSYoungGen      total 217088K, used 30732K [0x00000000f0000000, 0x0000000100000000, 0x0000000100000000)
  eden space 176128K, 0% used [0x00000000f0000000,0x00000000f0000000,0x00000000fac00000)
  from space 40960K, 75% used [0x00000000fd800000,0x00000000ff603090,0x0000000100000000)
  to   space 43008K, 0% used [0x00000000fac00000,0x00000000fac00000,0x00000000fd600000)
 ParOldGen       total 524288K, used 84231K [0x00000000d0000000, 0x00000000f0000000, 0x00000000f0000000)
  object space 524288K, 16% used [0x00000000d0000000,0x00000000d5241f50,0x00000000f0000000)
 Metaspace       used 69198K, capacity 72942K, committed 73088K, reserved 1112064K
  class space    used 9100K, capacity 10265K, committed 10368K, reserved 1048576K
}
Event: 344,424 GC heap before
{Heap before GC invocations=32 (full 3):
 PSYoungGen      total 217088K, used 206784K [0x00000000f0000000, 0x0000000100000000, 0x0000000100000000)
  eden space 176128K, 99% used [0x00000000f0000000,0x00000000fabed038,0x00000000fac00000)
  from space 40960K, 75% used [0x00000000fd800000,0x00000000ff603090,0x0000000100000000)
  to   space 43008K, 0% used [0x00000000fac00000,0x00000000fac00000,0x00000000fd600000)
 ParOldGen       total 524288K, used 84231K [0x00000000d0000000, 0x00000000f0000000, 0x00000000f0000000)
  object space 524288K, 16% used [0x00000000d0000000,0x00000000d5241f50,0x00000000f0000000)
 Metaspace       used 70832K, capacity 74706K, committed 74752K, reserved 1114112K
  class space    used 9246K, capacity 10460K, committed 10496K, reserved 1048576K
Event: 344,470 GC heap after
Heap after GC invocations=32 (full 3):
 PSYoungGen      total 218624K, used 42135K [0x00000000f0000000, 0x0000000100000000, 0x0000000100000000)
  eden space 176128K, 0% used [0x00000000f0000000,0x00000000f0000000,0x00000000fac00000)
  from space 42496K, 99% used [0x00000000fac00000,0x00000000fd525cb8,0x00000000fd580000)
  to   space 43520K, 0% used [0x00000000fd580000,0x00000000fd580000,0x0000000100000000)
 ParOldGen       total 524288K, used 84239K [0x00000000d0000000, 0x00000000f0000000, 0x00000000f0000000)
  object space 524288K, 16% used [0x00000000d0000000,0x00000000d5243f50,0x00000000f0000000)
 Metaspace       used 70832K, capacity 74706K, committed 74752K, reserved 1114112K
  class space    used 9246K, capacity 10460K, committed 10496K, reserved 1048576K
}

