# JRE version: Java(TM) SE Runtime Environment (8.0_161-b12) (build 1.8.0_161-b12)
# Java VM: Java HotSpot(TM) 64-Bit Server VM (25.161-b12 mixed mode linux-amd64 compressed oops)
Heap:
 PSYoungGen      total 192512K, used 103136K [0x00000000f0000000, 0x0000000100000000, 0x0000000100000000)
  eden space 152576K, 41% used [0x00000000f0000000,0x00000000f3dbe340,0x00000000f9500000)
  from space 39936K, 99% used [0x00000000fd900000,0x00000000ffffa070,0x0000000100000000)
  to   space 54784K, 0% used [0x00000000f9500000,0x00000000f9500000,0x00000000fca80000)
 ParOldGen       total 524288K, used 95524K [0x00000000d0000000, 0x00000000f0000000, 0x00000000f0000000)
  object space 524288K, 18% used [0x00000000d0000000,0x00000000d5d49318,0x00000000f0000000)
 Metaspace       used 76519K, capacity 80650K, committed 80920K, reserved 1120256K
  class space    used 9652K, capacity 10996K, committed 11032K, reserved 1048576K
GC Heap History (10 events):
Event: 208,135 GC heap before
{Heap before GC invocations=29 (full 3):
 PSYoungGen      total 233984K, used 233887K [0x00000000f0000000, 0x0000000100000000, 0x0000000100000000)
  eden space 209920K, 100% used [0x00000000f0000000,0x00000000fcd00000,0x00000000fcd00000)
  from space 24064K, 99% used [0x00000000fcd00000,0x00000000fe467f90,0x00000000fe480000)
  to   space 28160K, 0% used [0x00000000fe480000,0x00000000fe480000,0x0000000100000000)
 ParOldGen       total 524288K, used 84619K [0x00000000d0000000, 0x00000000f0000000, 0x00000000f0000000)
  object space 524288K, 16% used [0x00000000d0000000,0x00000000d52a2ea0,0x00000000f0000000)
 Metaspace       used 68284K, capacity 71694K, committed 71832K, reserved 1112064K
  class space    used 8933K, capacity 10091K, committed 10136K, reserved 1048576K
Event: 208,161 GC heap after
Heap after GC invocations=29 (full 3):
 PSYoungGen      total 225792K, used 26486K [0x00000000f0000000, 0x0000000100000000, 0x0000000100000000)
  eden space 197632K, 0% used [0x00000000f0000000,0x00000000f0000000,0x00000000fc100000)
  from space 28160K, 94% used [0x00000000fe480000,0x00000000ffe5d820,0x0000000100000000)
  to   space 32256K, 0% used [0x00000000fc100000,0x00000000fc100000,0x00000000fe080000)
 ParOldGen       total 524288K, used 84627K [0x00000000d0000000, 0x00000000f0000000, 0x00000000f0000000)
  object space 524288K, 16% used [0x00000000d0000000,0x00000000d52a4ea0,0x00000000f0000000)
 Metaspace       used 68284K, capacity 71694K, committed 71832K, reserved 1112064K
  class space    used 8933K, capacity 10091K, committed 10136K, reserved 1048576K
}
Event: 212,277 GC heap before
{Heap before GC invocations=30 (full 3):
 PSYoungGen      total 225792K, used 224118K [0x00000000f0000000, 0x0000000100000000, 0x0000000100000000)
  eden space 197632K, 100% used [0x00000000f0000000,0x00000000fc100000,0x00000000fc100000)
  from space 28160K, 94% used [0x00000000fe480000,0x00000000ffe5d820,0x0000000100000000)
  to   space 32256K, 0% used [0x00000000fc100000,0x00000000fc100000,0x00000000fe080000)
 ParOldGen       total 524288K, used 84627K [0x00000000d0000000, 0x00000000f0000000, 0x00000000f0000000)
  object space 524288K, 16% used [0x00000000d0000000,0x00000000d52a4ea0,0x00000000f0000000)
 Metaspace       used 68856K, capacity 72436K, committed 72472K, reserved 1112064K
  class space    used 9061K, capacity 10261K, committed 10264K, reserved 1048576K
Event: 212,304 GC heap after
Heap after GC invocations=30 (full 3):
 PSYoungGen      total 227328K, used 29295K [0x00000000f0000000, 0x0000000100000000, 0x0000000100000000)
  eden space 197632K, 0% used [0x00000000f0000000,0x00000000f0000000,0x00000000fc100000)
  from space 29696K, 98% used [0x00000000fc100000,0x00000000fdd9bfb0,0x00000000fde00000)
  to   space 34816K, 0% used [0x00000000fde00000,0x00000000fde00000,0x0000000100000000)
 ParOldGen       total 524288K, used 84635K [0x00000000d0000000, 0x00000000f0000000, 0x00000000f0000000)
  object space 524288K, 16% used [0x00000000d0000000,0x00000000d52a6ea0,0x00000000f0000000)
 Metaspace       used 68856K, capacity 72436K, committed 72472K, reserved 1112064K
  class space    used 9061K, capacity 10261K, committed 10264K, reserved 1048576K
}
Event: 227,094 GC heap before
{Heap before GC invocations=31 (full 3):
 PSYoungGen      total 227328K, used 226927K [0x00000000f0000000, 0x0000000100000000, 0x0000000100000000)
  eden space 197632K, 100% used [0x00000000f0000000,0x00000000fc100000,0x00000000fc100000)
  from space 29696K, 98% used [0x00000000fc100000,0x00000000fdd9bfb0,0x00000000fde00000)
  to   space 34816K, 0% used [0x00000000fde00000,0x00000000fde00000,0x0000000100000000)
 ParOldGen       total 524288K, used 84635K [0x00000000d0000000, 0x00000000f0000000, 0x00000000f0000000)
  object space 524288K, 16% used [0x00000000d0000000,0x00000000d52a6ea0,0x00000000f0000000)
 Metaspace       used 69380K, capacity 73178K, committed 73368K, reserved 1112064K
  class space    used 9141K, capacity 10378K, committed 10392K, reserved 1048576K
Event: 227,125 GC heap after
Heap after GC invocations=31 (full 3):
 PSYoungGen      total 217088K, used 31110K [0x00000000f0000000, 0x0000000100000000, 0x0000000100000000)
  eden space 182272K, 0% used [0x00000000f0000000,0x00000000f0000000,0x00000000fb200000)
  from space 34816K, 89% used [0x00000000fde00000,0x00000000ffc618c8,0x0000000100000000)
  to   space 39936K, 0% used [0x00000000fb200000,0x00000000fb200000,0x00000000fd900000)
 ParOldGen       total 524288K, used 84643K [0x00000000d0000000, 0x00000000f0000000, 0x00000000f0000000)
  object space 524288K, 16% used [0x00000000d0000000,0x00000000d52a8ea0,0x00000000f0000000)
 Metaspace       used 69380K, capacity 73178K, committed 73368K, reserved 1112064K
  class space    used 9141K, capacity 10378K, committed 10392K, reserved 1048576K
}
Event: 289,798 GC heap before
{Heap before GC invocations=32 (full 3):
 PSYoungGen      total 217088K, used 213382K [0x00000000f0000000, 0x0000000100000000, 0x0000000100000000)
  eden space 182272K, 100% used [0x00000000f0000000,0x00000000fb200000,0x00000000fb200000)
  from space 34816K, 89% used [0x00000000fde00000,0x00000000ffc618c8,0x0000000100000000)
  to   space 39936K, 0% used [0x00000000fb200000,0x00000000fb200000,0x00000000fd900000)
 ParOldGen       total 524288K, used 84643K [0x00000000d0000000, 0x00000000f0000000, 0x00000000f0000000)
  object space 524288K, 16% used [0x00000000d0000000,0x00000000d52a8ea0,0x00000000f0000000)
 Metaspace       used 70955K, capacity 74950K, committed 75160K, reserved 1114112K
  class space    used 9338K, capacity 10644K, committed 10648K, reserved 1048576K
Event: 289,839 GC heap after
Heap after GC invocations=32 (full 3):
 PSYoungGen      total 222208K, used 39919K [0x00000000f0000000, 0x0000000100000000, 0x0000000100000000)
  eden space 182272K, 0% used [0x00000000f0000000,0x00000000f0000000,0x00000000fb200000)
  from space 39936K, 99% used [0x00000000fb200000,0x00000000fd8fbd68,0x00000000fd900000)
  to   space 39936K, 0% used [0x00000000fd900000,0x00000000fd900000,0x0000000100000000)
 ParOldGen       total 524288K, used 87074K [0x00000000d0000000, 0x00000000f0000000, 0x00000000f0000000)
  object space 524288K, 16% used [0x00000000d0000000,0x00000000d5508b80,0x00000000f0000000)
 Metaspace       used 70955K, capacity 74950K, committed 75160K, reserved 1114112K
  class space    used 9338K, capacity 10644K, committed 10648K, reserved 1048576K
}
Event: 388,566 GC heap before
{Heap before GC invocations=33 (full 3):
 PSYoungGen      total 222208K, used 222191K [0x00000000f0000000, 0x0000000100000000, 0x0000000100000000)
  eden space 182272K, 100% used [0x00000000f0000000,0x00000000fb200000,0x00000000fb200000)
  from space 39936K, 99% used [0x00000000fb200000,0x00000000fd8fbd68,0x00000000fd900000)
  to   space 39936K, 0% used [0x00000000fd900000,0x00000000fd900000,0x0000000100000000)
 ParOldGen       total 524288K, used 87074K [0x00000000d0000000, 0x00000000f0000000, 0x00000000f0000000)
  object space 524288K, 16% used [0x00000000d0000000,0x00000000d5508b80,0x00000000f0000000)
 Metaspace       used 76355K, capacity 80400K, committed 80664K, reserved 1118208K
  class space    used 9622K, capacity 10930K, committed 11032K, reserved 1048576K
Event: 388,700 GC heap after
Heap after GC invocations=33 (full 3):
 PSYoungGen      total 192512K, used 39912K [0x00000000f0000000, 0x0000000100000000, 0x0000000100000000)
  eden space 152576K, 0% used [0x00000000f0000000,0x00000000f0000000,0x00000000f9500000)
  from space 39936K, 99% used [0x00000000fd900000,0x00000000ffffa070,0x0000000100000000)
  to   space 54784K, 0% used [0x00000000f9500000,0x00000000f9500000,0x00000000fca80000)
 ParOldGen       total 524288K, used 95524K [0x00000000d0000000, 0x00000000f0000000, 0x00000000f0000000)
  object space 524288K, 18% used [0x00000000d0000000,0x00000000d5d49318,0x00000000f0000000)
 Metaspace       used 76355K, capacity 80400K, committed 80664K, reserved 1118208K
  class space    used 9622K, capacity 10930K, committed 11032K, reserved 1048576K
}

