# JRE version: Java(TM) SE Runtime Environment (8.0_161-b12) (build 1.8.0_161-b12)
# Java VM: Java HotSpot(TM) 64-Bit Server VM (25.161-b12 mixed mode linux-amd64 compressed oops)
Heap:
 PSYoungGen      total 198656K, used 163643K [0x00000000f0000000, 0x0000000100000000, 0x0000000100000000)
  eden space 136704K, 97% used [0x00000000f0000000,0x00000000f81fe678,0x00000000f8580000)
  from space 61952K, 49% used [0x00000000f8580000,0x00000000fa350930,0x00000000fc200000)
  to   space 60416K, 0% used [0x00000000fc500000,0x00000000fc500000,0x0000000100000000)
 ParOldGen       total 524288K, used 124630K [0x00000000d0000000, 0x00000000f0000000, 0x00000000f0000000)
  object space 524288K, 23% used [0x00000000d0000000,0x00000000d79b5bb0,0x00000000f0000000)
 Metaspace       used 85377K, capacity 90784K, committed 91096K, reserved 1128448K
  class space    used 10544K, capacity 12162K, committed 12288K, reserved 1048576K
GC Heap History (10 events):
Event: 851,027 GC heap before
{Heap before GC invocations=44 (full 3):
 PSYoungGen      total 191488K, used 158977K [0x00000000f0000000, 0x0000000100000000, 0x0000000100000000)
  eden space 118272K, 99% used [0x00000000f0000000,0x00000000f736e258,0x00000000f7380000)
  from space 73216K, 55% used [0x00000000fb880000,0x00000000fe052208,0x0000000100000000)
  to   space 70656K, 0% used [0x00000000f7380000,0x00000000f7380000,0x00000000fb880000)
 ParOldGen       total 524288K, used 109910K [0x00000000d0000000, 0x00000000f0000000, 0x00000000f0000000)
  object space 524288K, 20% used [0x00000000d0000000,0x00000000d6b55a50,0x00000000f0000000)
 Metaspace       used 79788K, capacity 84670K, committed 84824K, reserved 1122304K
  class space    used 10118K, capacity 11620K, committed 11648K, reserved 1048576K
Event: 851,067 GC heap after
Heap after GC invocations=44 (full 3):
 PSYoungGen      total 188928K, used 36620K [0x00000000f0000000, 0x0000000100000000, 0x0000000100000000)
  eden space 118272K, 0% used [0x00000000f0000000,0x00000000f0000000,0x00000000f7380000)
  from space 70656K, 51% used [0x00000000f7380000,0x00000000f9743248,0x00000000fb880000)
  to   space 67584K, 0% used [0x00000000fbe00000,0x00000000fbe00000,0x0000000100000000)
 ParOldGen       total 524288K, used 114378K [0x00000000d0000000, 0x00000000f0000000, 0x00000000f0000000)
  object space 524288K, 21% used [0x00000000d0000000,0x00000000d6fb2a20,0x00000000f0000000)
 Metaspace       used 79788K, capacity 84670K, committed 84824K, reserved 1122304K
  class space    used 10118K, capacity 11620K, committed 11648K, reserved 1048576K
}
Event: 883,688 GC heap before
{Heap before GC invocations=45 (full 3):
 PSYoungGen      total 188928K, used 154892K [0x00000000f0000000, 0x0000000100000000, 0x0000000100000000)
  eden space 118272K, 100% used [0x00000000f0000000,0x00000000f7380000,0x00000000f7380000)
  from space 70656K, 51% used [0x00000000f7380000,0x00000000f9743248,0x00000000fb880000)
  to   space 67584K, 0% used [0x00000000fbe00000,0x00000000fbe00000,0x0000000100000000)
 ParOldGen       total 524288K, used 114378K [0x00000000d0000000, 0x00000000f0000000, 0x00000000f0000000)
  object space 524288K, 21% used [0x00000000d0000000,0x00000000d6fb2a20,0x00000000f0000000)
 Metaspace       used 80226K, capacity 85198K, committed 85464K, reserved 1122304K
  class space    used 10153K, capacity 11660K, committed 11776K, reserved 1048576K
Event: 883,725 GC heap after
Heap after GC invocations=45 (full 3):
 PSYoungGen      total 196608K, used 33064K [0x00000000f0000000, 0x0000000100000000, 0x0000000100000000)
  eden space 129024K, 0% used [0x00000000f0000000,0x00000000f0000000,0x00000000f7e00000)
  from space 67584K, 48% used [0x00000000fbe00000,0x00000000fde4a200,0x0000000100000000)
  to   space 65536K, 0% used [0x00000000f7e00000,0x00000000f7e00000,0x00000000fbe00000)
 ParOldGen       total 524288K, used 117691K [0x00000000d0000000, 0x00000000f0000000, 0x00000000f0000000)
  object space 524288K, 22% used [0x00000000d0000000,0x00000000d72eec60,0x00000000f0000000)
 Metaspace       used 80226K, capacity 85198K, committed 85464K, reserved 1122304K
  class space    used 10153K, capacity 11660K, committed 11776K, reserved 1048576K
}
Event: 918,627 GC heap before
{Heap before GC invocations=46 (full 3):
 PSYoungGen      total 196608K, used 162088K [0x00000000f0000000, 0x0000000100000000, 0x0000000100000000)
  eden space 129024K, 100% used [0x00000000f0000000,0x00000000f7e00000,0x00000000f7e00000)
  from space 67584K, 48% used [0x00000000fbe00000,0x00000000fde4a200,0x0000000100000000)
  to   space 65536K, 0% used [0x00000000f7e00000,0x00000000f7e00000,0x00000000fbe00000)
 ParOldGen       total 524288K, used 117691K [0x00000000d0000000, 0x00000000f0000000, 0x00000000f0000000)
  object space 524288K, 22% used [0x00000000d0000000,0x00000000d72eec60,0x00000000f0000000)
 Metaspace       used 82875K, capacity 87944K, committed 88152K, reserved 1126400K
  class space    used 10353K, capacity 11901K, committed 11904K, reserved 1048576K
Event: 918,669 GC heap after
Heap after GC invocations=46 (full 3):
 PSYoungGen      total 194560K, used 31757K [0x00000000f0000000, 0x0000000100000000, 0x0000000100000000)
  eden space 129024K, 0% used [0x00000000f0000000,0x00000000f0000000,0x00000000f7e00000)
  from space 65536K, 48% used [0x00000000f7e00000,0x00000000f9d036b0,0x00000000fbe00000)
  to   space 63488K, 0% used [0x00000000fc200000,0x00000000fc200000,0x0000000100000000)
 ParOldGen       total 524288K, used 120265K [0x00000000d0000000, 0x00000000f0000000, 0x00000000f0000000)
  object space 524288K, 22% used [0x00000000d0000000,0x00000000d75727f8,0x00000000f0000000)
 Metaspace       used 82875K, capacity 87944K, committed 88152K, reserved 1126400K
  class space    used 10353K, capacity 11901K, committed 11904K, reserved 1048576K
}
Event: 927,845 GC heap before
{Heap before GC invocations=47 (full 3):
 PSYoungGen      total 194560K, used 160781K [0x00000000f0000000, 0x0000000100000000, 0x0000000100000000)
  eden space 129024K, 100% used [0x00000000f0000000,0x00000000f7e00000,0x00000000f7e00000)
  from space 65536K, 48% used [0x00000000f7e00000,0x00000000f9d036b0,0x00000000fbe00000)
  to   space 63488K, 0% used [0x00000000fc200000,0x00000000fc200000,0x0000000100000000)
 ParOldGen       total 524288K, used 120265K [0x00000000d0000000, 0x00000000f0000000, 0x00000000f0000000)
  object space 524288K, 22% used [0x00000000d0000000,0x00000000d75727f8,0x00000000f0000000)
 Metaspace       used 82987K, capacity 88190K, committed 88280K, reserved 1126400K
  class space    used 10377K, capacity 11942K, committed 12032K, reserved 1048576K
Event: 927,876 GC heap after
Heap after GC invocations=47 (full 3):
 PSYoungGen      total 200192K, used 30093K [0x00000000f0000000, 0x0000000100000000, 0x0000000100000000)
  eden space 136704K, 0% used [0x00000000f0000000,0x00000000f0000000,0x00000000f8580000)
  from space 63488K, 47% used [0x00000000fc200000,0x00000000fdf635e8,0x0000000100000000)
  to   space 61952K, 0% used [0x00000000f8580000,0x00000000f8580000,0x00000000fc200000)
 ParOldGen       total 524288K, used 122539K [0x00000000d0000000, 0x00000000f0000000, 0x00000000f0000000)
  object space 524288K, 23% used [0x00000000d0000000,0x00000000d77aaed0,0x00000000f0000000)
 Metaspace       used 82987K, capacity 88190K, committed 88280K, reserved 1126400K
  class space    used 10377K, capacity 11942K, committed 12032K, reserved 1048576K
}
Event: 1050,296 GC heap before
{Heap before GC invocations=48 (full 3):
 PSYoungGen      total 200192K, used 166797K [0x00000000f0000000, 0x0000000100000000, 0x0000000100000000)
  eden space 136704K, 100% used [0x00000000f0000000,0x00000000f8580000,0x00000000f8580000)
  from space 63488K, 47% used [0x00000000fc200000,0x00000000fdf635e8,0x0000000100000000)
  to   space 61952K, 0% used [0x00000000f8580000,0x00000000f8580000,0x00000000fc200000)
 ParOldGen       total 524288K, used 122539K [0x00000000d0000000, 0x00000000f0000000, 0x00000000f0000000)
  object space 524288K, 23% used [0x00000000d0000000,0x00000000d77aaed0,0x00000000f0000000)
 Metaspace       used 83457K, capacity 88822K, committed 89048K, reserved 1126400K
  class space    used 10417K, capacity 12026K, committed 12032K, reserved 1048576K
Event: 1050,333 GC heap after
Heap after GC invocations=48 (full 3):
 PSYoungGen      total 198656K, used 30530K [0x00000000f0000000, 0x0000000100000000, 0x0000000100000000)
  eden space 136704K, 0% used [0x00000000f0000000,0x00000000f0000000,0x00000000f8580000)
  from space 61952K, 49% used [0x00000000f8580000,0x00000000fa350930,0x00000000fc200000)
  to   space 60416K, 0% used [0x00000000fc500000,0x00000000fc500000,0x0000000100000000)
 ParOldGen       total 524288K, used 124630K [0x00000000d0000000, 0x00000000f0000000, 0x00000000f0000000)
  object space 524288K, 23% used [0x00000000d0000000,0x00000000d79b5bb0,0x00000000f0000000)
 Metaspace       used 83457K, capacity 88822K, committed 89048K, reserved 1126400K
  class space    used 10417K, capacity 12026K, committed 12032K, reserved 1048576K
}

