# JRE version: Java(TM) SE Runtime Environment (8.0_161-b12) (build 1.8.0_161-b12)
# Java VM: Java HotSpot(TM) 64-Bit Server VM (25.161-b12 mixed mode linux-amd64 compressed oops)
Heap:
 PSYoungGen      total 195584K, used 63971K [0x00000000f0000000, 0x0000000100000000, 0x0000000100000000)
  eden space 148480K, 11% used [0x00000000f0000000,0x00000000f108b930,0x00000000f9100000)
  from space 47104K, 99% used [0x00000000f9100000,0x00000000fbeed6a8,0x00000000fbf00000)
  to   space 60928K, 0% used [0x00000000fc480000,0x00000000fc480000,0x0000000100000000)
 ParOldGen       total 524288K, used 89701K [0x00000000d0000000, 0x00000000f0000000, 0x00000000f0000000)
  object space 524288K, 17% used [0x00000000d0000000,0x00000000d57994d0,0x00000000f0000000)
 Metaspace       used 72411K, capacity 76768K, committed 76928K, reserved 1116160K
  class space    used 9526K, capacity 10844K, committed 10880K, reserved 1048576K
GC Heap History (10 events):
Event: 181,843 GC heap before
{Heap before GC invocations=30 (full 3):
 PSYoungGen      total 221696K, used 212322K [0x00000000f0000000, 0x0000000100000000, 0x0000000100000000)
  eden space 184320K, 100% used [0x00000000f0000000,0x00000000fb400000,0x00000000fb400000)
  from space 37376K, 74% used [0x00000000fdb80000,0x00000000ff6d8a60,0x0000000100000000)
  to   space 38912K, 0% used [0x00000000fb400000,0x00000000fb400000,0x00000000fda00000)
 ParOldGen       total 524288K, used 88208K [0x00000000d0000000, 0x00000000f0000000, 0x00000000f0000000)
  object space 524288K, 16% used [0x00000000d0000000,0x00000000d5624358,0x00000000f0000000)
 Metaspace       used 69257K, capacity 72818K, committed 72960K, reserved 1112064K
  class space    used 9063K, capacity 10194K, committed 10240K, reserved 1048576K
Event: 181,875 GC heap after
Heap after GC invocations=30 (full 3):
 PSYoungGen      total 215040K, used 30418K [0x00000000f0000000, 0x0000000100000000, 0x0000000100000000)
  eden space 184320K, 0% used [0x00000000f0000000,0x00000000f0000000,0x00000000fb400000)
  from space 30720K, 99% used [0x00000000fb400000,0x00000000fd1b4a70,0x00000000fd200000)
  to   space 40960K, 0% used [0x00000000fd800000,0x00000000fd800000,0x0000000100000000)
 ParOldGen       total 524288K, used 88208K [0x00000000d0000000, 0x00000000f0000000, 0x00000000f0000000)
  object space 524288K, 16% used [0x00000000d0000000,0x00000000d5624358,0x00000000f0000000)
 Metaspace       used 69257K, capacity 72818K, committed 72960K, reserved 1112064K
  class space    used 9063K, capacity 10194K, committed 10240K, reserved 1048576K
}
Event: 205,598 GC heap before
{Heap before GC invocations=31 (full 3):
 PSYoungGen      total 215040K, used 214738K [0x00000000f0000000, 0x0000000100000000, 0x0000000100000000)
  eden space 184320K, 100% used [0x00000000f0000000,0x00000000fb400000,0x00000000fb400000)
  from space 30720K, 99% used [0x00000000fb400000,0x00000000fd1b4a70,0x00000000fd200000)
  to   space 40960K, 0% used [0x00000000fd800000,0x00000000fd800000,0x0000000100000000)
 ParOldGen       total 524288K, used 88208K [0x00000000d0000000, 0x00000000f0000000, 0x00000000f0000000)
  object space 524288K, 16% used [0x00000000d0000000,0x00000000d5624358,0x00000000f0000000)
 Metaspace       used 70971K, capacity 74748K, committed 75008K, reserved 1114112K
  class space    used 9282K, capacity 10437K, committed 10496K, reserved 1048576K
Event: 205,641 GC heap after
Heap after GC invocations=31 (full 3):
 PSYoungGen      total 208896K, used 40928K [0x00000000f0000000, 0x0000000100000000, 0x0000000100000000)
  eden space 167936K, 0% used [0x00000000f0000000,0x00000000f0000000,0x00000000fa400000)
  from space 40960K, 99% used [0x00000000fd800000,0x00000000ffff8378,0x0000000100000000)
  to   space 47104K, 0% used [0x00000000fa400000,0x00000000fa400000,0x00000000fd200000)
 ParOldGen       total 524288K, used 89677K [0x00000000d0000000, 0x00000000f0000000, 0x00000000f0000000)
  object space 524288K, 17% used [0x00000000d0000000,0x00000000d57934d0,0x00000000f0000000)
 Metaspace       used 70971K, capacity 74748K, committed 75008K, reserved 1114112K
  class space    used 9282K, capacity 10437K, committed 10496K, reserved 1048576K
}
Event: 221,137 GC heap before
{Heap before GC invocations=32 (full 3):
 PSYoungGen      total 208896K, used 208741K [0x00000000f0000000, 0x0000000100000000, 0x0000000100000000)
  eden space 167936K, 99% used [0x00000000f0000000,0x00000000fa3e10d0,0x00000000fa400000)
  from space 40960K, 99% used [0x00000000fd800000,0x00000000ffff8378,0x0000000100000000)
  to   space 47104K, 0% used [0x00000000fa400000,0x00000000fa400000,0x00000000fd200000)
 ParOldGen       total 524288K, used 89677K [0x00000000d0000000, 0x00000000f0000000, 0x00000000f0000000)
  object space 524288K, 17% used [0x00000000d0000000,0x00000000d57934d0,0x00000000f0000000)
 Metaspace       used 71461K, capacity 75526K, committed 75648K, reserved 1114112K
  class space    used 9377K, capacity 10611K, committed 10624K, reserved 1048576K
Event: 221,212 GC heap after
Heap after GC invocations=32 (full 3):
 PSYoungGen      total 211456K, used 43034K [0x00000000f0000000, 0x0000000100000000, 0x0000000100000000)
  eden space 167936K, 0% used [0x00000000f0000000,0x00000000f0000000,0x00000000fa400000)
  from space 43520K, 98% used [0x00000000fa400000,0x00000000fce069c8,0x00000000fce80000)
  to   space 50688K, 0% used [0x00000000fce80000,0x00000000fce80000,0x0000000100000000)
 ParOldGen       total 524288K, used 89685K [0x00000000d0000000, 0x00000000f0000000, 0x00000000f0000000)
  object space 524288K, 17% used [0x00000000d0000000,0x00000000d57954d0,0x00000000f0000000)
 Metaspace       used 71461K, capacity 75526K, committed 75648K, reserved 1114112K
  class space    used 9377K, capacity 10611K, committed 10624K, reserved 1048576K
}
Event: 234,196 GC heap before
{Heap before GC invocations=33 (full 3):
 PSYoungGen      total 211456K, used 210970K [0x00000000f0000000, 0x0000000100000000, 0x0000000100000000)
  eden space 167936K, 100% used [0x00000000f0000000,0x00000000fa400000,0x00000000fa400000)
  from space 43520K, 98% used [0x00000000fa400000,0x00000000fce069c8,0x00000000fce80000)
  to   space 50688K, 0% used [0x00000000fce80000,0x00000000fce80000,0x0000000100000000)
 ParOldGen       total 524288K, used 89685K [0x00000000d0000000, 0x00000000f0000000, 0x00000000f0000000)
  object space 524288K, 17% used [0x00000000d0000000,0x00000000d57954d0,0x00000000f0000000)
 Metaspace       used 71949K, capacity 76234K, committed 76288K, reserved 1114112K
  class space    used 9457K, capacity 10749K, committed 10752K, reserved 1048576K
Event: 234,239 GC heap after
Heap after GC invocations=33 (full 3):
 PSYoungGen      total 199168K, used 44506K [0x00000000f0000000, 0x0000000100000000, 0x0000000100000000)
  eden space 148480K, 0% used [0x00000000f0000000,0x00000000f0000000,0x00000000f9100000)
  from space 50688K, 87% used [0x00000000fce80000,0x00000000ff9f6b58,0x0000000100000000)
  to   space 56832K, 0% used [0x00000000f9100000,0x00000000f9100000,0x00000000fc880000)
 ParOldGen       total 524288K, used 89693K [0x00000000d0000000, 0x00000000f0000000, 0x00000000f0000000)
  object space 524288K, 17% used [0x00000000d0000000,0x00000000d57974d0,0x00000000f0000000)
 Metaspace       used 71949K, capacity 76234K, committed 76288K, reserved 1114112K
  class space    used 9457K, capacity 10749K, committed 10752K, reserved 1048576K
}
Event: 296,185 GC heap before
{Heap before GC invocations=34 (full 3):
 PSYoungGen      total 199168K, used 192913K [0x00000000f0000000, 0x0000000100000000, 0x0000000100000000)
  eden space 148480K, 99% used [0x00000000f0000000,0x00000000f90edb98,0x00000000f9100000)
  from space 50688K, 87% used [0x00000000fce80000,0x00000000ff9f6b58,0x0000000100000000)
  to   space 56832K, 0% used [0x00000000f9100000,0x00000000f9100000,0x00000000fc880000)
 ParOldGen       total 524288K, used 89693K [0x00000000d0000000, 0x00000000f0000000, 0x00000000f0000000)
  object space 524288K, 17% used [0x00000000d0000000,0x00000000d57974d0,0x00000000f0000000)
 Metaspace       used 72406K, capacity 76762K, committed 76928K, reserved 1116160K
  class space    used 9526K, capacity 10843K, committed 10880K, reserved 1048576K
Event: 296,230 GC heap after
Heap after GC invocations=34 (full 3):
 PSYoungGen      total 195584K, used 47029K [0x00000000f0000000, 0x0000000100000000, 0x0000000100000000)
  eden space 148480K, 0% used [0x00000000f0000000,0x00000000f0000000,0x00000000f9100000)
  from space 47104K, 99% used [0x00000000f9100000,0x00000000fbeed6a8,0x00000000fbf00000)
  to   space 60928K, 0% used [0x00000000fc480000,0x00000000fc480000,0x0000000100000000)
 ParOldGen       total 524288K, used 89701K [0x00000000d0000000, 0x00000000f0000000, 0x00000000f0000000)
  object space 524288K, 17% used [0x00000000d0000000,0x00000000d57994d0,0x00000000f0000000)
 Metaspace       used 72406K, capacity 76762K, committed 76928K, reserved 1116160K
  class space    used 9526K, capacity 10843K, committed 10880K, reserved 1048576K
}

