# JRE version: Java(TM) SE Runtime Environment (8.0_161-b12) (build 1.8.0_161-b12)
# Java VM: Java HotSpot(TM) 64-Bit Server VM (25.161-b12 mixed mode linux-amd64 compressed oops)
Heap:
 PSYoungGen      total 220160K, used 27900K [0x00000000f0000000, 0x0000000100000000, 0x0000000100000000)
  eden space 199680K, 3% used [0x00000000f0000000,0x00000000f074cc40,0x00000000fc300000)
  from space 20480K, 99% used [0x00000000fc300000,0x00000000fd6f2630,0x00000000fd700000)
  to   space 31744K, 0% used [0x00000000fe100000,0x00000000fe100000,0x0000000100000000)
 ParOldGen       total 524288K, used 103455K [0x00000000d0000000, 0x00000000f0000000, 0x00000000f0000000)
  object space 524288K, 19% used [0x00000000d0000000,0x00000000d6507fe8,0x00000000f0000000)
 Metaspace       used 73136K, capacity 76416K, committed 76632K, reserved 1116160K
  class space    used 9211K, capacity 10313K, committed 10328K, reserved 1048576K
GC Heap History (10 events):
Event: 118,540 GC heap before
{Heap before GC invocations=26 (full 3):
 PSYoungGen      total 240128K, used 236950K [0x00000000f0000000, 0x0000000100000000, 0x0000000100000000)
  eden space 221184K, 100% used [0x00000000f0000000,0x00000000fd800000,0x00000000fd800000)
  from space 18944K, 83% used [0x00000000fed80000,0x00000000ffce5890,0x0000000100000000)
  to   space 20480K, 0% used [0x00000000fd800000,0x00000000fd800000,0x00000000fec00000)
 ParOldGen       total 524288K, used 79256K [0x00000000d0000000, 0x00000000f0000000, 0x00000000f0000000)
  object space 524288K, 15% used [0x00000000d0000000,0x00000000d4d663e0,0x00000000f0000000)
 Metaspace       used 65298K, capacity 67892K, committed 68184K, reserved 1107968K
  class space    used 8543K, capacity 9481K, committed 9560K, reserved 1048576K
Event: 118,562 GC heap after
Heap after GC invocations=26 (full 3):
 PSYoungGen      total 241664K, used 20465K [0x00000000f0000000, 0x0000000100000000, 0x0000000100000000)
  eden space 221184K, 0% used [0x00000000f0000000,0x00000000f0000000,0x00000000fd800000)
  from space 20480K, 99% used [0x00000000fd800000,0x00000000febfc550,0x00000000fec00000)
  to   space 20480K, 0% used [0x00000000fec00000,0x00000000fec00000,0x0000000100000000)
 ParOldGen       total 524288K, used 80193K [0x00000000d0000000, 0x00000000f0000000, 0x00000000f0000000)
  object space 524288K, 15% used [0x00000000d0000000,0x00000000d4e506a0,0x00000000f0000000)
 Metaspace       used 65298K, capacity 67892K, committed 68184K, reserved 1107968K
  class space    used 8543K, capacity 9481K, committed 9560K, reserved 1048576K
}
Event: 197,756 GC heap before
{Heap before GC invocations=27 (full 3):
 PSYoungGen      total 241664K, used 241649K [0x00000000f0000000, 0x0000000100000000, 0x0000000100000000)
  eden space 221184K, 100% used [0x00000000f0000000,0x00000000fd800000,0x00000000fd800000)
  from space 20480K, 99% used [0x00000000fd800000,0x00000000febfc550,0x00000000fec00000)
  to   space 20480K, 0% used [0x00000000fec00000,0x00000000fec00000,0x0000000100000000)
 ParOldGen       total 524288K, used 80193K [0x00000000d0000000, 0x00000000f0000000, 0x00000000f0000000)
  object space 524288K, 15% used [0x00000000d0000000,0x00000000d4e506a0,0x00000000f0000000)
 Metaspace       used 67452K, capacity 70212K, committed 70488K, reserved 1110016K
  class space    used 8720K, capacity 9710K, committed 9816K, reserved 1048576K
Event: 197,793 GC heap after
Heap after GC invocations=27 (full 3):
 PSYoungGen      total 221184K, used 20456K [0x00000000f0000000, 0x0000000100000000, 0x0000000100000000)
  eden space 200704K, 0% used [0x00000000f0000000,0x00000000f0000000,0x00000000fc400000)
  from space 20480K, 99% used [0x00000000fec00000,0x00000000ffffa3d8,0x0000000100000000)
  to   space 30720K, 0% used [0x00000000fc400000,0x00000000fc400000,0x00000000fe200000)
 ParOldGen       total 524288K, used 94407K [0x00000000d0000000, 0x00000000f0000000, 0x00000000f0000000)
  object space 524288K, 18% used [0x00000000d0000000,0x00000000d5c31db8,0x00000000f0000000)
 Metaspace       used 67452K, capacity 70212K, committed 70488K, reserved 1110016K
  class space    used 8720K, capacity 9710K, committed 9816K, reserved 1048576K
}
Event: 338,468 GC heap before
{Heap before GC invocations=28 (full 3):
 PSYoungGen      total 221184K, used 221160K [0x00000000f0000000, 0x0000000100000000, 0x0000000100000000)
  eden space 200704K, 100% used [0x00000000f0000000,0x00000000fc400000,0x00000000fc400000)
  from space 20480K, 99% used [0x00000000fec00000,0x00000000ffffa3d8,0x0000000100000000)
  to   space 30720K, 0% used [0x00000000fc400000,0x00000000fc400000,0x00000000fe200000)
 ParOldGen       total 524288K, used 94407K [0x00000000d0000000, 0x00000000f0000000, 0x00000000f0000000)
  object space 524288K, 18% used [0x00000000d0000000,0x00000000d5c31db8,0x00000000f0000000)
 Metaspace       used 69151K, capacity 72140K, committed 72408K, reserved 1112064K
  class space    used 8897K, capacity 9916K, committed 9944K, reserved 1048576K
Event: 338,523 GC heap after
Heap after GC invocations=28 (full 3):
 PSYoungGen      total 231424K, used 16634K [0x00000000f0000000, 0x0000000100000000, 0x0000000100000000)
  eden space 200704K, 0% used [0x00000000f0000000,0x00000000f0000000,0x00000000fc400000)
  from space 30720K, 54% used [0x00000000fc400000,0x00000000fd43e848,0x00000000fe200000)
  to   space 30208K, 0% used [0x00000000fe280000,0x00000000fe280000,0x0000000100000000)
 ParOldGen       total 524288K, used 103447K [0x00000000d0000000, 0x00000000f0000000, 0x00000000f0000000)
  object space 524288K, 19% used [0x00000000d0000000,0x00000000d6505fe8,0x00000000f0000000)
 Metaspace       used 69151K, capacity 72140K, committed 72408K, reserved 1112064K
  class space    used 8897K, capacity 9916K, committed 9944K, reserved 1048576K
}
Event: 931,786 GC heap before
{Heap before GC invocations=29 (full 3):
 PSYoungGen      total 231424K, used 217338K [0x00000000f0000000, 0x0000000100000000, 0x0000000100000000)
  eden space 200704K, 100% used [0x00000000f0000000,0x00000000fc400000,0x00000000fc400000)
  from space 30720K, 54% used [0x00000000fc400000,0x00000000fd43e848,0x00000000fe200000)
  to   space 30208K, 0% used [0x00000000fe280000,0x00000000fe280000,0x0000000100000000)
 ParOldGen       total 524288K, used 103447K [0x00000000d0000000, 0x00000000f0000000, 0x00000000f0000000)
  object space 524288K, 19% used [0x00000000d0000000,0x00000000d6505fe8,0x00000000f0000000)
 Metaspace       used 69963K, capacity 73160K, committed 73432K, reserved 1112064K
  class space    used 9027K, capacity 10114K, committed 10200K, reserved 1048576K
Event: 931,943 GC heap after
Heap after GC invocations=29 (full 3):
 PSYoungGen      total 229888K, used 20265K [0x00000000f0000000, 0x0000000100000000, 0x0000000100000000)
  eden space 199680K, 0% used [0x00000000f0000000,0x00000000f0000000,0x00000000fc300000)
  from space 30208K, 67% used [0x00000000fe280000,0x00000000ff64a608,0x0000000100000000)
  to   space 31232K, 0% used [0x00000000fc300000,0x00000000fc300000,0x00000000fe180000)
 ParOldGen       total 524288K, used 103455K [0x00000000d0000000, 0x00000000f0000000, 0x00000000f0000000)
  object space 524288K, 19% used [0x00000000d0000000,0x00000000d6507fe8,0x00000000f0000000)
 Metaspace       used 69963K, capacity 73160K, committed 73432K, reserved 1112064K
  class space    used 9027K, capacity 10114K, committed 10200K, reserved 1048576K
}
Event: 2076,338 GC heap before
{Heap before GC invocations=30 (full 3):
 PSYoungGen      total 229888K, used 219945K [0x00000000f0000000, 0x0000000100000000, 0x0000000100000000)
  eden space 199680K, 100% used [0x00000000f0000000,0x00000000fc300000,0x00000000fc300000)
  from space 30208K, 67% used [0x00000000fe280000,0x00000000ff64a608,0x0000000100000000)
  to   space 31232K, 0% used [0x00000000fc300000,0x00000000fc300000,0x00000000fe180000)
 ParOldGen       total 524288K, used 103455K [0x00000000d0000000, 0x00000000f0000000, 0x00000000f0000000)
  object space 524288K, 19% used [0x00000000d0000000,0x00000000d6507fe8,0x00000000f0000000)
 Metaspace       used 73122K, capacity 76390K, committed 76632K, reserved 1116160K
  class space    used 9206K, capacity 10306K, committed 10328K, reserved 1048576K
Event: 2076,409 GC heap after
Heap after GC invocations=30 (full 3):
 PSYoungGen      total 220160K, used 20425K [0x00000000f0000000, 0x0000000100000000, 0x0000000100000000)
  eden space 199680K, 0% used [0x00000000f0000000,0x00000000f0000000,0x00000000fc300000)
  from space 20480K, 99% used [0x00000000fc300000,0x00000000fd6f2630,0x00000000fd700000)
  to   space 31744K, 0% used [0x00000000fe100000,0x00000000fe100000,0x0000000100000000)
 ParOldGen       total 524288K, used 103455K [0x00000000d0000000, 0x00000000f0000000, 0x00000000f0000000)
  object space 524288K, 19% used [0x00000000d0000000,0x00000000d6507fe8,0x00000000f0000000)
 Metaspace       used 73122K, capacity 76390K, committed 76632K, reserved 1116160K
  class space    used 9206K, capacity 10306K, committed 10328K, reserved 1048576K
}

