# JRE version: Java(TM) SE Runtime Environment (8.0_161-b12) (build 1.8.0_161-b12)
# Java VM: Java HotSpot(TM) 64-Bit Server VM (25.161-b12 mixed mode linux-amd64 compressed oops)
Heap:
 PSYoungGen      total 226816K, used 161610K [0x00000000f0000000, 0x0000000100000000, 0x0000000100000000)
  eden space 193536K, 66% used [0x00000000f0000000,0x00000000f7d60998,0x00000000fbd00000)
  from space 33280K, 99% used [0x00000000fbd00000,0x00000000fdd71eb0,0x00000000fdd80000)
  to   space 35328K, 0% used [0x00000000fdd80000,0x00000000fdd80000,0x0000000100000000)
 ParOldGen       total 524288K, used 97460K [0x00000000d0000000, 0x00000000f0000000, 0x00000000f0000000)
  object space 524288K, 18% used [0x00000000d0000000,0x00000000d5f2d1f8,0x00000000f0000000)
 Metaspace       used 76637K, capacity 80832K, committed 80896K, reserved 1120256K
  class space    used 9602K, capacity 10975K, committed 11008K, reserved 1048576K
GC Heap History (10 events):
Event: 192,821 GC heap before
{Heap before GC invocations=28 (full 3):
 PSYoungGen      total 236544K, used 234869K [0x00000000f0000000, 0x0000000100000000, 0x0000000100000000)
  eden space 215040K, 100% used [0x00000000f0000000,0x00000000fd200000,0x00000000fd200000)
  from space 21504K, 92% used [0x00000000feb00000,0x00000000ffe5d518,0x0000000100000000)
  to   space 23552K, 0% used [0x00000000fd200000,0x00000000fd200000,0x00000000fe900000)
 ParOldGen       total 524288K, used 84308K [0x00000000d0000000, 0x00000000f0000000, 0x00000000f0000000)
  object space 524288K, 16% used [0x00000000d0000000,0x00000000d5255320,0x00000000f0000000)
 Metaspace       used 67383K, capacity 70326K, committed 70656K, reserved 1110016K
  class space    used 8780K, capacity 9871K, committed 9984K, reserved 1048576K
Event: 192,847 GC heap after
Heap after GC invocations=28 (full 3):
 PSYoungGen      total 238592K, used 23460K [0x00000000f0000000, 0x0000000100000000, 0x0000000100000000)
  eden space 215040K, 0% used [0x00000000f0000000,0x00000000f0000000,0x00000000fd200000)
  from space 23552K, 99% used [0x00000000fd200000,0x00000000fe8e9118,0x00000000fe900000)
  to   space 23552K, 0% used [0x00000000fe900000,0x00000000fe900000,0x0000000100000000)
 ParOldGen       total 524288K, used 84316K [0x00000000d0000000, 0x00000000f0000000, 0x00000000f0000000)
  object space 524288K, 16% used [0x00000000d0000000,0x00000000d5257320,0x00000000f0000000)
 Metaspace       used 67383K, capacity 70326K, committed 70656K, reserved 1110016K
  class space    used 8780K, capacity 9871K, committed 9984K, reserved 1048576K
}
Event: 200,543 GC heap before
{Heap before GC invocations=29 (full 3):
 PSYoungGen      total 238592K, used 238500K [0x00000000f0000000, 0x0000000100000000, 0x0000000100000000)
  eden space 215040K, 100% used [0x00000000f0000000,0x00000000fd200000,0x00000000fd200000)
  from space 23552K, 99% used [0x00000000fd200000,0x00000000fe8e9118,0x00000000fe900000)
  to   space 23552K, 0% used [0x00000000fe900000,0x00000000fe900000,0x0000000100000000)
 ParOldGen       total 524288K, used 84316K [0x00000000d0000000, 0x00000000f0000000, 0x00000000f0000000)
  object space 524288K, 16% used [0x00000000d0000000,0x00000000d5257320,0x00000000f0000000)
 Metaspace       used 68363K, capacity 71682K, committed 71936K, reserved 1112064K
  class space    used 8960K, capacity 10115K, committed 10240K, reserved 1048576K
Event: 200,573 GC heap after
Heap after GC invocations=29 (full 3):
 PSYoungGen      total 223232K, used 23525K [0x00000000f0000000, 0x0000000100000000, 0x0000000100000000)
  eden space 199680K, 0% used [0x00000000f0000000,0x00000000f0000000,0x00000000fc300000)
  from space 23552K, 99% used [0x00000000fe900000,0x00000000ffff9478,0x0000000100000000)
  to   space 31232K, 0% used [0x00000000fc300000,0x00000000fc300000,0x00000000fe180000)
 ParOldGen       total 524288K, used 87969K [0x00000000d0000000, 0x00000000f0000000, 0x00000000f0000000)
  object space 524288K, 16% used [0x00000000d0000000,0x00000000d55e8628,0x00000000f0000000)
 Metaspace       used 68363K, capacity 71682K, committed 71936K, reserved 1112064K
  class space    used 8960K, capacity 10115K, committed 10240K, reserved 1048576K
}
Event: 210,413 GC heap before
{Heap before GC invocations=30 (full 3):
 PSYoungGen      total 223232K, used 223137K [0x00000000f0000000, 0x0000000100000000, 0x0000000100000000)
  eden space 199680K, 99% used [0x00000000f0000000,0x00000000fc2ef1e8,0x00000000fc300000)
  from space 23552K, 99% used [0x00000000fe900000,0x00000000ffff9478,0x0000000100000000)
  to   space 31232K, 0% used [0x00000000fc300000,0x00000000fc300000,0x00000000fe180000)
 ParOldGen       total 524288K, used 87969K [0x00000000d0000000, 0x00000000f0000000, 0x00000000f0000000)
  object space 524288K, 16% used [0x00000000d0000000,0x00000000d55e8628,0x00000000f0000000)
 Metaspace       used 68822K, capacity 72302K, committed 72576K, reserved 1112064K
  class space    used 9057K, capacity 10275K, committed 10368K, reserved 1048576K
Event: 210,450 GC heap after
Heap after GC invocations=30 (full 3):
 PSYoungGen      total 230912K, used 17261K [0x00000000f0000000, 0x0000000100000000, 0x0000000100000000)
  eden space 199680K, 0% used [0x00000000f0000000,0x00000000f0000000,0x00000000fc300000)
  from space 31232K, 55% used [0x00000000fc300000,0x00000000fd3db680,0x00000000fe180000)
  to   space 30720K, 0% used [0x00000000fe200000,0x00000000fe200000,0x0000000100000000)
 ParOldGen       total 524288K, used 97444K [0x00000000d0000000, 0x00000000f0000000, 0x00000000f0000000)
  object space 524288K, 18% used [0x00000000d0000000,0x00000000d5f291f8,0x00000000f0000000)
 Metaspace       used 68822K, capacity 72302K, committed 72576K, reserved 1112064K
  class space    used 9057K, capacity 10275K, committed 10368K, reserved 1048576K
}
Event: 260,060 GC heap before
{Heap before GC invocations=31 (full 3):
 PSYoungGen      total 230912K, used 216941K [0x00000000f0000000, 0x0000000100000000, 0x0000000100000000)
  eden space 199680K, 100% used [0x00000000f0000000,0x00000000fc300000,0x00000000fc300000)
  from space 31232K, 55% used [0x00000000fc300000,0x00000000fd3db680,0x00000000fe180000)
  to   space 30720K, 0% used [0x00000000fe200000,0x00000000fe200000,0x0000000100000000)
 ParOldGen       total 524288K, used 97444K [0x00000000d0000000, 0x00000000f0000000, 0x00000000f0000000)
  object space 524288K, 18% used [0x00000000d0000000,0x00000000d5f291f8,0x00000000f0000000)
 Metaspace       used 70396K, capacity 74280K, committed 74624K, reserved 1114112K
  class space    used 9248K, capacity 10564K, committed 10624K, reserved 1048576K
Event: 260,088 GC heap after
Heap after GC invocations=31 (full 3):
 PSYoungGen      total 224256K, used 27845K [0x00000000f0000000, 0x0000000100000000, 0x0000000100000000)
  eden space 193536K, 0% used [0x00000000f0000000,0x00000000f0000000,0x00000000fbd00000)
  from space 30720K, 90% used [0x00000000fe200000,0x00000000ffd316d8,0x0000000100000000)
  to   space 34304K, 0% used [0x00000000fbd00000,0x00000000fbd00000,0x00000000fde80000)
 ParOldGen       total 524288K, used 97452K [0x00000000d0000000, 0x00000000f0000000, 0x00000000f0000000)
  object space 524288K, 18% used [0x00000000d0000000,0x00000000d5f2b1f8,0x00000000f0000000)
 Metaspace       used 70396K, capacity 74280K, committed 74624K, reserved 1114112K
  class space    used 9248K, capacity 10564K, committed 10624K, reserved 1048576K
}
Event: 335,448 GC heap before
{Heap before GC invocations=32 (full 3):
 PSYoungGen      total 224256K, used 221381K [0x00000000f0000000, 0x0000000100000000, 0x0000000100000000)
  eden space 193536K, 100% used [0x00000000f0000000,0x00000000fbd00000,0x00000000fbd00000)
  from space 30720K, 90% used [0x00000000fe200000,0x00000000ffd316d8,0x0000000100000000)
  to   space 34304K, 0% used [0x00000000fbd00000,0x00000000fbd00000,0x00000000fde80000)
 ParOldGen       total 524288K, used 97452K [0x00000000d0000000, 0x00000000f0000000, 0x00000000f0000000)
  object space 524288K, 18% used [0x00000000d0000000,0x00000000d5f2b1f8,0x00000000f0000000)
 Metaspace       used 73118K, capacity 77158K, committed 77312K, reserved 1116160K
  class space    used 9401K, capacity 10745K, committed 10752K, reserved 1048576K
Event: 335,618 GC heap after
Heap after GC invocations=32 (full 3):
 PSYoungGen      total 226816K, used 33223K [0x00000000f0000000, 0x0000000100000000, 0x0000000100000000)
  eden space 193536K, 0% used [0x00000000f0000000,0x00000000f0000000,0x00000000fbd00000)
  from space 33280K, 99% used [0x00000000fbd00000,0x00000000fdd71eb0,0x00000000fdd80000)
  to   space 35328K, 0% used [0x00000000fdd80000,0x00000000fdd80000,0x0000000100000000)
 ParOldGen       total 524288K, used 97460K [0x00000000d0000000, 0x00000000f0000000, 0x00000000f0000000)
  object space 524288K, 18% used [0x00000000d0000000,0x00000000d5f2d1f8,0x00000000f0000000)
 Metaspace       used 73118K, capacity 77158K, committed 77312K, reserved 1116160K
  class space    used 9401K, capacity 10745K, committed 10752K, reserved 1048576K
}

