# JRE version: Java(TM) SE Runtime Environment (8.0_161-b12) (build 1.8.0_161-b12)
# Java VM: Java HotSpot(TM) 64-Bit Server VM (25.161-b12 mixed mode linux-amd64 compressed oops)
Heap:
 PSYoungGen      total 206848K, used 135341K [0x00000000f0000000, 0x0000000100000000, 0x0000000100000000)
  eden space 166912K, 57% used [0x00000000f0000000,0x00000000f5d72310,0x00000000fa300000)
  from space 39936K, 99% used [0x00000000fa500000,0x00000000fcbb9210,0x00000000fcc00000)
  to   space 50688K, 0% used [0x00000000fce80000,0x00000000fce80000,0x0000000100000000)
 ParOldGen       total 524288K, used 88557K [0x00000000d0000000, 0x00000000f0000000, 0x00000000f0000000)
  object space 524288K, 16% used [0x00000000d0000000,0x00000000d567b4b8,0x00000000f0000000)
 Metaspace       used 71808K, capacity 75924K, committed 76032K, reserved 1114112K
  class space    used 9357K, capacity 10652K, committed 10752K, reserved 1048576K
GC Heap History (10 events):
Event: 83,949 GC heap before
{Heap before GC invocations=30 (full 3):
 PSYoungGen      total 227328K, used 222180K [0x00000000f0000000, 0x0000000100000000, 0x0000000100000000)
  eden space 196608K, 100% used [0x00000000f0000000,0x00000000fc000000,0x00000000fc000000)
  from space 30720K, 83% used [0x00000000fe200000,0x00000000ffaf90f8,0x0000000100000000)
  to   space 32768K, 0% used [0x00000000fc000000,0x00000000fc000000,0x00000000fe000000)
 ParOldGen       total 524288K, used 88517K [0x00000000d0000000, 0x00000000f0000000, 0x00000000f0000000)
  object space 524288K, 16% used [0x00000000d0000000,0x00000000d56714b8,0x00000000f0000000)
 Metaspace       used 68778K, capacity 72048K, committed 72320K, reserved 1112064K
  class space    used 8946K, capacity 10034K, committed 10112K, reserved 1048576K
Event: 83,981 GC heap after
Heap after GC invocations=30 (full 3):
 PSYoungGen      total 224768K, used 28101K [0x00000000f0000000, 0x0000000100000000, 0x0000000100000000)
  eden space 196608K, 0% used [0x00000000f0000000,0x00000000f0000000,0x00000000fc000000)
  from space 28160K, 99% used [0x00000000fc000000,0x00000000fdb71478,0x00000000fdb80000)
  to   space 35840K, 0% used [0x00000000fdd00000,0x00000000fdd00000,0x0000000100000000)
 ParOldGen       total 524288K, used 88525K [0x00000000d0000000, 0x00000000f0000000, 0x00000000f0000000)
  object space 524288K, 16% used [0x00000000d0000000,0x00000000d56734b8,0x00000000f0000000)
 Metaspace       used 68778K, capacity 72048K, committed 72320K, reserved 1112064K
  class space    used 8946K, capacity 10034K, committed 10112K, reserved 1048576K
}
Event: 86,846 GC heap before
{Heap before GC invocations=31 (full 3):
 PSYoungGen      total 224768K, used 224709K [0x00000000f0000000, 0x0000000100000000, 0x0000000100000000)
  eden space 196608K, 100% used [0x00000000f0000000,0x00000000fc000000,0x00000000fc000000)
  from space 28160K, 99% used [0x00000000fc000000,0x00000000fdb71478,0x00000000fdb80000)
  to   space 35840K, 0% used [0x00000000fdd00000,0x00000000fdd00000,0x0000000100000000)
 ParOldGen       total 524288K, used 88525K [0x00000000d0000000, 0x00000000f0000000, 0x00000000f0000000)
  object space 524288K, 16% used [0x00000000d0000000,0x00000000d56734b8,0x00000000f0000000)
 Metaspace       used 69669K, capacity 73282K, committed 73344K, reserved 1112064K
  class space    used 9110K, capacity 10315K, committed 10368K, reserved 1048576K
Event: 86,898 GC heap after
Heap after GC invocations=31 (full 3):
 PSYoungGen      total 219136K, used 31507K [0x00000000f0000000, 0x0000000100000000, 0x0000000100000000)
  eden space 183296K, 0% used [0x00000000f0000000,0x00000000f0000000,0x00000000fb300000)
  from space 35840K, 87% used [0x00000000fdd00000,0x00000000ffbc4f20,0x0000000100000000)
  to   space 39424K, 0% used [0x00000000fb300000,0x00000000fb300000,0x00000000fd980000)
 ParOldGen       total 524288K, used 88533K [0x00000000d0000000, 0x00000000f0000000, 0x00000000f0000000)
  object space 524288K, 16% used [0x00000000d0000000,0x00000000d56754b8,0x00000000f0000000)
 Metaspace       used 69669K, capacity 73282K, committed 73344K, reserved 1112064K
  class space    used 9110K, capacity 10315K, committed 10368K, reserved 1048576K
}
Event: 4492,914 GC heap before
{Heap before GC invocations=32 (full 3):
 PSYoungGen      total 219136K, used 214803K [0x00000000f0000000, 0x0000000100000000, 0x0000000100000000)
  eden space 183296K, 100% used [0x00000000f0000000,0x00000000fb300000,0x00000000fb300000)
  from space 35840K, 87% used [0x00000000fdd00000,0x00000000ffbc4f20,0x0000000100000000)
  to   space 39424K, 0% used [0x00000000fb300000,0x00000000fb300000,0x00000000fd980000)
 ParOldGen       total 524288K, used 88533K [0x00000000d0000000, 0x00000000f0000000, 0x00000000f0000000)
  object space 524288K, 16% used [0x00000000d0000000,0x00000000d56754b8,0x00000000f0000000)
 Metaspace       used 70112K, capacity 73772K, committed 73984K, reserved 1112064K
  class space    used 9161K, capacity 10386K, committed 10496K, reserved 1048576K
Event: 4492,966 GC heap after
Heap after GC invocations=32 (full 3):
 PSYoungGen      total 215040K, used 33303K [0x00000000f0000000, 0x0000000100000000, 0x0000000100000000)
  eden space 181248K, 0% used [0x00000000f0000000,0x00000000f0000000,0x00000000fb100000)
  from space 33792K, 98% used [0x00000000fb300000,0x00000000fd385d68,0x00000000fd400000)
  to   space 42496K, 0% used [0x00000000fd680000,0x00000000fd680000,0x0000000100000000)
 ParOldGen       total 524288K, used 88541K [0x00000000d0000000, 0x00000000f0000000, 0x00000000f0000000)
  object space 524288K, 16% used [0x00000000d0000000,0x00000000d56774b8,0x00000000f0000000)
 Metaspace       used 70112K, capacity 73772K, committed 73984K, reserved 1112064K
  class space    used 9161K, capacity 10386K, committed 10496K, reserved 1048576K
}
Event: 5398,439 GC heap before
{Heap before GC invocations=33 (full 3):
 PSYoungGen      total 215040K, used 214551K [0x00000000f0000000, 0x0000000100000000, 0x0000000100000000)
  eden space 181248K, 100% used [0x00000000f0000000,0x00000000fb100000,0x00000000fb100000)
  from space 33792K, 98% used [0x00000000fb300000,0x00000000fd385d68,0x00000000fd400000)
  to   space 42496K, 0% used [0x00000000fd680000,0x00000000fd680000,0x0000000100000000)
 ParOldGen       total 524288K, used 88541K [0x00000000d0000000, 0x00000000f0000000, 0x00000000f0000000)
  object space 524288K, 16% used [0x00000000d0000000,0x00000000d56774b8,0x00000000f0000000)
 Metaspace       used 71348K, capacity 75282K, committed 75392K, reserved 1114112K
  class space    used 9300K, capacity 10564K, committed 10624K, reserved 1048576K
Event: 5398,487 GC heap after
Heap after GC invocations=33 (full 3):
 PSYoungGen      total 211456K, used 37137K [0x00000000f0000000, 0x0000000100000000, 0x0000000100000000)
  eden space 168960K, 0% used [0x00000000f0000000,0x00000000f0000000,0x00000000fa500000)
  from space 42496K, 87% used [0x00000000fd680000,0x00000000ffac4630,0x0000000100000000)
  to   space 46592K, 0% used [0x00000000fa500000,0x00000000fa500000,0x00000000fd280000)
 ParOldGen       total 524288K, used 88549K [0x00000000d0000000, 0x00000000f0000000, 0x00000000f0000000)
  object space 524288K, 16% used [0x00000000d0000000,0x00000000d56794b8,0x00000000f0000000)
 Metaspace       used 71348K, capacity 75282K, committed 75392K, reserved 1114112K
  class space    used 9300K, capacity 10564K, committed 10624K, reserved 1048576K
}
Event: 5461,168 GC heap before
{Heap before GC invocations=34 (full 3):
 PSYoungGen      total 211456K, used 206097K [0x00000000f0000000, 0x0000000100000000, 0x0000000100000000)
  eden space 168960K, 100% used [0x00000000f0000000,0x00000000fa500000,0x00000000fa500000)
  from space 42496K, 87% used [0x00000000fd680000,0x00000000ffac4630,0x0000000100000000)
  to   space 46592K, 0% used [0x00000000fa500000,0x00000000fa500000,0x00000000fd280000)
 ParOldGen       total 524288K, used 88549K [0x00000000d0000000, 0x00000000f0000000, 0x00000000f0000000)
  object space 524288K, 16% used [0x00000000d0000000,0x00000000d56794b8,0x00000000f0000000)
 Metaspace       used 71697K, capacity 75810K, committed 75904K, reserved 1114112K
  class space    used 9339K, capacity 10616K, committed 10624K, reserved 1048576K
Event: 5461,207 GC heap after
Heap after GC invocations=34 (full 3):
 PSYoungGen      total 206848K, used 39652K [0x00000000f0000000, 0x0000000100000000, 0x0000000100000000)
  eden space 166912K, 0% used [0x00000000f0000000,0x00000000f0000000,0x00000000fa300000)
  from space 39936K, 99% used [0x00000000fa500000,0x00000000fcbb9210,0x00000000fcc00000)
  to   space 50688K, 0% used [0x00000000fce80000,0x00000000fce80000,0x0000000100000000)
 ParOldGen       total 524288K, used 88557K [0x00000000d0000000, 0x00000000f0000000, 0x00000000f0000000)
  object space 524288K, 16% used [0x00000000d0000000,0x00000000d567b4b8,0x00000000f0000000)
 Metaspace       used 71697K, capacity 75810K, committed 75904K, reserved 1114112K
  class space    used 9339K, capacity 10616K, committed 10624K, reserved 1048576K
}

