# JRE version: Java(TM) SE Runtime Environment (8.0_161-b12) (build 1.8.0_161-b12)
# Java VM: Java HotSpot(TM) 64-Bit Server VM (25.161-b12 mixed mode linux-amd64 compressed oops)
Heap:
 PSYoungGen      total 192000K, used 87283K [0x00000000f0000000, 0x0000000100000000, 0x0000000100000000)
  eden space 123904K, 40% used [0x00000000f0000000,0x00000000f31233b0,0x00000000f7900000)
  from space 68096K, 54% used [0x00000000f7900000,0x00000000f9d198a8,0x00000000fbb80000)
  to   space 65536K, 0% used [0x00000000fc000000,0x00000000fc000000,0x0000000100000000)
 ParOldGen       total 524288K, used 105798K [0x00000000d0000000, 0x00000000f0000000, 0x00000000f0000000)
  object space 524288K, 20% used [0x00000000d0000000,0x00000000d6751aa0,0x00000000f0000000)
 Metaspace       used 79784K, capacity 84826K, committed 85120K, reserved 1122304K
  class space    used 10091K, capacity 11600K, committed 11648K, reserved 1048576K
GC Heap History (10 events):
Event: 1026,725 GC heap before
{Heap before GC invocations=38 (full 3):
 PSYoungGen      total 192512K, used 173530K [0x00000000f0000000, 0x0000000100000000, 0x0000000100000000)
  eden space 128000K, 99% used [0x00000000f0000000,0x00000000f7cff870,0x00000000f7d00000)
  from space 64512K, 70% used [0x00000000fc100000,0x00000000fed77158,0x0000000100000000)
  to   space 67072K, 0% used [0x00000000f7d00000,0x00000000f7d00000,0x00000000fbe80000)
 ParOldGen       total 524288K, used 93322K [0x00000000d0000000, 0x00000000f0000000, 0x00000000f0000000)
  object space 524288K, 17% used [0x00000000d0000000,0x00000000d5b22bf8,0x00000000f0000000)
 Metaspace       used 76395K, capacity 81146K, committed 81280K, reserved 1120256K
  class space    used 9843K, capacity 11306K, committed 11392K, reserved 1048576K
Event: 1026,792 GC heap after
Heap after GC invocations=38 (full 3):
 PSYoungGen      total 172544K, used 45522K [0x00000000f0000000, 0x0000000100000000, 0x0000000100000000)
  eden space 126976K, 0% used [0x00000000f0000000,0x00000000f0000000,0x00000000f7c00000)
  from space 45568K, 99% used [0x00000000f7d00000,0x00000000fa9749e0,0x00000000fa980000)
  to   space 69120K, 0% used [0x00000000fbc80000,0x00000000fbc80000,0x0000000100000000)
 ParOldGen       total 524288K, used 93330K [0x00000000d0000000, 0x00000000f0000000, 0x00000000f0000000)
  object space 524288K, 17% used [0x00000000d0000000,0x00000000d5b24bf8,0x00000000f0000000)
 Metaspace       used 76395K, capacity 81146K, committed 81280K, reserved 1120256K
  class space    used 9843K, capacity 11306K, committed 11392K, reserved 1048576K
}
Event: 1161,202 GC heap before
{Heap before GC invocations=39 (full 3):
 PSYoungGen      total 172544K, used 172498K [0x00000000f0000000, 0x0000000100000000, 0x0000000100000000)
  eden space 126976K, 100% used [0x00000000f0000000,0x00000000f7c00000,0x00000000f7c00000)
  from space 45568K, 99% used [0x00000000f7d00000,0x00000000fa9749e0,0x00000000fa980000)
  to   space 69120K, 0% used [0x00000000fbc80000,0x00000000fbc80000,0x0000000100000000)
 ParOldGen       total 524288K, used 93330K [0x00000000d0000000, 0x00000000f0000000, 0x00000000f0000000)
  object space 524288K, 17% used [0x00000000d0000000,0x00000000d5b24bf8,0x00000000f0000000)
 Metaspace       used 77571K, capacity 82414K, committed 82688K, reserved 1120256K
  class space    used 9936K, capacity 11417K, committed 11520K, reserved 1048576K
Event: 1161,277 GC heap after
Heap after GC invocations=39 (full 3):
 PSYoungGen      total 189952K, used 46294K [0x00000000f0000000, 0x0000000100000000, 0x0000000100000000)
  eden space 120832K, 0% used [0x00000000f0000000,0x00000000f0000000,0x00000000f7600000)
  from space 69120K, 66% used [0x00000000fbc80000,0x00000000fe9b59a8,0x0000000100000000)
  to   space 70656K, 0% used [0x00000000f7600000,0x00000000f7600000,0x00000000fbb00000)
 ParOldGen       total 524288K, used 96523K [0x00000000d0000000, 0x00000000f0000000, 0x00000000f0000000)
  object space 524288K, 18% used [0x00000000d0000000,0x00000000d5e42d58,0x00000000f0000000)
 Metaspace       used 77571K, capacity 82414K, committed 82688K, reserved 1120256K
  class space    used 9936K, capacity 11417K, committed 11520K, reserved 1048576K
}
Event: 1177,712 GC heap before
{Heap before GC invocations=40 (full 3):
 PSYoungGen      total 189952K, used 167123K [0x00000000f0000000, 0x0000000100000000, 0x0000000100000000)
  eden space 120832K, 99% used [0x00000000f0000000,0x00000000f75ff5f8,0x00000000f7600000)
  from space 69120K, 66% used [0x00000000fbc80000,0x00000000fe9b59a8,0x0000000100000000)
  to   space 70656K, 0% used [0x00000000f7600000,0x00000000f7600000,0x00000000fbb00000)
 ParOldGen       total 524288K, used 96523K [0x00000000d0000000, 0x00000000f0000000, 0x00000000f0000000)
  object space 524288K, 18% used [0x00000000d0000000,0x00000000d5e42d58,0x00000000f0000000)
 Metaspace       used 78210K, capacity 83082K, committed 83200K, reserved 1120256K
  class space    used 9983K, capacity 11461K, committed 11520K, reserved 1048576K
Event: 1177,781 GC heap after
Heap after GC invocations=40 (full 3):
 PSYoungGen      total 191488K, used 42016K [0x00000000f0000000, 0x0000000100000000, 0x0000000100000000)
  eden space 120832K, 0% used [0x00000000f0000000,0x00000000f0000000,0x00000000f7600000)
  from space 70656K, 59% used [0x00000000f7600000,0x00000000f9f08188,0x00000000fbb00000)
  to   space 70144K, 0% used [0x00000000fbb80000,0x00000000fbb80000,0x0000000100000000)
 ParOldGen       total 524288K, used 101016K [0x00000000d0000000, 0x00000000f0000000, 0x00000000f0000000)
  object space 524288K, 19% used [0x00000000d0000000,0x00000000d62a6388,0x00000000f0000000)
 Metaspace       used 78210K, capacity 83082K, committed 83200K, reserved 1120256K
  class space    used 9983K, capacity 11461K, committed 11520K, reserved 1048576K
}
Event: 1625,970 GC heap before
{Heap before GC invocations=41 (full 3):
 PSYoungGen      total 191488K, used 162848K [0x00000000f0000000, 0x0000000100000000, 0x0000000100000000)
  eden space 120832K, 100% used [0x00000000f0000000,0x00000000f7600000,0x00000000f7600000)
  from space 70656K, 59% used [0x00000000f7600000,0x00000000f9f08188,0x00000000fbb00000)
  to   space 70144K, 0% used [0x00000000fbb80000,0x00000000fbb80000,0x0000000100000000)
 ParOldGen       total 524288K, used 101016K [0x00000000d0000000, 0x00000000f0000000, 0x00000000f0000000)
  object space 524288K, 19% used [0x00000000d0000000,0x00000000d62a6388,0x00000000f0000000)
 Metaspace       used 78567K, capacity 83488K, committed 83712K, reserved 1122304K
  class space    used 10003K, capacity 11486K, committed 11520K, reserved 1048576K
Event: 1626,014 GC heap after
Heap after GC invocations=41 (full 3):
 PSYoungGen      total 194048K, used 38182K [0x00000000f0000000, 0x0000000100000000, 0x0000000100000000)
  eden space 123904K, 0% used [0x00000000f0000000,0x00000000f0000000,0x00000000f7900000)
  from space 70144K, 54% used [0x00000000fbb80000,0x00000000fe0c9928,0x0000000100000000)
  to   space 68096K, 0% used [0x00000000f7900000,0x00000000f7900000,0x00000000fbb80000)
 ParOldGen       total 524288K, used 104111K [0x00000000d0000000, 0x00000000f0000000, 0x00000000f0000000)
  object space 524288K, 19% used [0x00000000d0000000,0x00000000d65abeb8,0x00000000f0000000)
 Metaspace       used 78567K, capacity 83488K, committed 83712K, reserved 1122304K
  class space    used 10003K, capacity 11486K, committed 11520K, reserved 1048576K
}
Event: 1637,322 GC heap before
{Heap before GC invocations=42 (full 3):
 PSYoungGen      total 194048K, used 162086K [0x00000000f0000000, 0x0000000100000000, 0x0000000100000000)
  eden space 123904K, 100% used [0x00000000f0000000,0x00000000f7900000,0x00000000f7900000)
  from space 70144K, 54% used [0x00000000fbb80000,0x00000000fe0c9928,0x0000000100000000)
  to   space 68096K, 0% used [0x00000000f7900000,0x00000000f7900000,0x00000000fbb80000)
 ParOldGen       total 524288K, used 104111K [0x00000000d0000000, 0x00000000f0000000, 0x00000000f0000000)
  object space 524288K, 19% used [0x00000000d0000000,0x00000000d65abeb8,0x00000000f0000000)
 Metaspace       used 79763K, capacity 84790K, committed 84864K, reserved 1122304K
  class space    used 10087K, capacity 11593K, committed 11648K, reserved 1048576K
Event: 1637,358 GC heap after
Heap after GC invocations=42 (full 3):
 PSYoungGen      total 192000K, used 36966K [0x00000000f0000000, 0x0000000100000000, 0x0000000100000000)
  eden space 123904K, 0% used [0x00000000f0000000,0x00000000f0000000,0x00000000f7900000)
  from space 68096K, 54% used [0x00000000f7900000,0x00000000f9d198a8,0x00000000fbb80000)
  to   space 65536K, 0% used [0x00000000fc000000,0x00000000fc000000,0x0000000100000000)
 ParOldGen       total 524288K, used 105798K [0x00000000d0000000, 0x00000000f0000000, 0x00000000f0000000)
  object space 524288K, 20% used [0x00000000d0000000,0x00000000d6751aa0,0x00000000f0000000)
 Metaspace       used 79763K, capacity 84790K, committed 84864K, reserved 1122304K
  class space    used 10087K, capacity 11593K, committed 11648K, reserved 1048576K
}

