# JRE version: Java(TM) SE Runtime Environment (8.0_161-b12) (build 1.8.0_161-b12)
# Java VM: Java HotSpot(TM) 64-Bit Server VM (25.161-b12 mixed mode linux-amd64 compressed oops)
Heap:
 PSYoungGen      total 225280K, used 77929K [0x00000000f0000000, 0x0000000100000000, 0x0000000100000000)
  eden space 188416K, 21% used [0x00000000f0000000,0x00000000f28200c0,0x00000000fb800000)
  from space 36864K, 99% used [0x00000000fb800000,0x00000000fdbfa6b8,0x00000000fdc00000)
  to   space 36864K, 0% used [0x00000000fdc00000,0x00000000fdc00000,0x0000000100000000)
 ParOldGen       total 524288K, used 96484K [0x00000000d0000000, 0x00000000f0000000, 0x00000000f0000000)
  object space 524288K, 18% used [0x00000000d0000000,0x00000000d5e39000,0x00000000f0000000)
 Metaspace       used 71914K, capacity 76278K, committed 76456K, reserved 1114112K
  class space    used 9435K, capacity 10839K, committed 10928K, reserved 1048576K
GC Heap History (10 events):
Event: 57,978 GC heap before
{Heap before GC invocations=26 (full 3):
 PSYoungGen      total 236544K, used 225917K [0x00000000f0000000, 0x0000000100000000, 0x0000000100000000)
  eden space 210432K, 100% used [0x00000000f0000000,0x00000000fcd80000,0x00000000fcd80000)
  from space 26112K, 59% used [0x00000000fe680000,0x00000000ff59f728,0x0000000100000000)
  to   space 25600K, 0% used [0x00000000fcd80000,0x00000000fcd80000,0x00000000fe680000)
 ParOldGen       total 524288K, used 85628K [0x00000000d0000000, 0x00000000f0000000, 0x00000000f0000000)
  object space 524288K, 16% used [0x00000000d0000000,0x00000000d539f010,0x00000000f0000000)
 Metaspace       used 67112K, capacity 70056K, committed 70184K, reserved 1110016K
  class space    used 8698K, capacity 9756K, committed 9776K, reserved 1048576K
Event: 58,001 GC heap after
Heap after GC invocations=26 (full 3):
 PSYoungGen      total 231936K, used 21486K [0x00000000f0000000, 0x0000000100000000, 0x0000000100000000)
  eden space 210432K, 0% used [0x00000000f0000000,0x00000000f0000000,0x00000000fcd80000)
  from space 21504K, 99% used [0x00000000fcd80000,0x00000000fe27b8a8,0x00000000fe280000)
  to   space 27648K, 0% used [0x00000000fe500000,0x00000000fe500000,0x0000000100000000)
 ParOldGen       total 524288K, used 85636K [0x00000000d0000000, 0x00000000f0000000, 0x00000000f0000000)
  object space 524288K, 16% used [0x00000000d0000000,0x00000000d53a1010,0x00000000f0000000)
 Metaspace       used 67112K, capacity 70056K, committed 70184K, reserved 1110016K
  class space    used 8698K, capacity 9756K, committed 9776K, reserved 1048576K
}
Event: 64,686 GC heap before
{Heap before GC invocations=27 (full 3):
 PSYoungGen      total 231936K, used 231918K [0x00000000f0000000, 0x0000000100000000, 0x0000000100000000)
  eden space 210432K, 100% used [0x00000000f0000000,0x00000000fcd80000,0x00000000fcd80000)
  from space 21504K, 99% used [0x00000000fcd80000,0x00000000fe27b8a8,0x00000000fe280000)
  to   space 27648K, 0% used [0x00000000fe500000,0x00000000fe500000,0x0000000100000000)
 ParOldGen       total 524288K, used 85636K [0x00000000d0000000, 0x00000000f0000000, 0x00000000f0000000)
  object space 524288K, 16% used [0x00000000d0000000,0x00000000d53a1010,0x00000000f0000000)
 Metaspace       used 68034K, capacity 71398K, committed 71592K, reserved 1110016K
  class space    used 8887K, capacity 10077K, committed 10160K, reserved 1048576K
Event: 64,713 GC heap after
Heap after GC invocations=27 (full 3):
 PSYoungGen      total 229376K, used 24621K [0x00000000f0000000, 0x0000000100000000, 0x0000000100000000)
  eden space 201728K, 0% used [0x00000000f0000000,0x00000000f0000000,0x00000000fc500000)
  from space 27648K, 89% used [0x00000000fe500000,0x00000000ffd0b720,0x0000000100000000)
  to   space 30208K, 0% used [0x00000000fc500000,0x00000000fc500000,0x00000000fe280000)
 ParOldGen       total 524288K, used 85644K [0x00000000d0000000, 0x00000000f0000000, 0x00000000f0000000)
  object space 524288K, 16% used [0x00000000d0000000,0x00000000d53a3010,0x00000000f0000000)
 Metaspace       used 68034K, capacity 71398K, committed 71592K, reserved 1110016K
  class space    used 8887K, capacity 10077K, committed 10160K, reserved 1048576K
}
Event: 72,443 GC heap before
{Heap before GC invocations=28 (full 3):
 PSYoungGen      total 229376K, used 226169K [0x00000000f0000000, 0x0000000100000000, 0x0000000100000000)
  eden space 201728K, 99% used [0x00000000f0000000,0x00000000fc4d2f10,0x00000000fc500000)
  from space 27648K, 89% used [0x00000000fe500000,0x00000000ffd0b720,0x0000000100000000)
  to   space 30208K, 0% used [0x00000000fc500000,0x00000000fc500000,0x00000000fe280000)
 ParOldGen       total 524288K, used 85644K [0x00000000d0000000, 0x00000000f0000000, 0x00000000f0000000)
  object space 524288K, 16% used [0x00000000d0000000,0x00000000d53a3010,0x00000000f0000000)
 Metaspace       used 68883K, capacity 72634K, committed 72872K, reserved 1112064K
  class space    used 9039K, capacity 10324K, committed 10416K, reserved 1048576K
Event: 72,492 GC heap after
Heap after GC invocations=28 (full 3):
 PSYoungGen      total 229376K, used 27512K [0x00000000f0000000, 0x0000000100000000, 0x0000000100000000)
  eden space 201728K, 0% used [0x00000000f0000000,0x00000000f0000000,0x00000000fc500000)
  from space 27648K, 99% used [0x00000000fc500000,0x00000000fdfde218,0x00000000fe000000)
  to   space 32768K, 0% used [0x00000000fe000000,0x00000000fe000000,0x0000000100000000)
 ParOldGen       total 524288K, used 85652K [0x00000000d0000000, 0x00000000f0000000, 0x00000000f0000000)
  object space 524288K, 16% used [0x00000000d0000000,0x00000000d53a5010,0x00000000f0000000)
 Metaspace       used 68883K, capacity 72634K, committed 72872K, reserved 1112064K
  class space    used 9039K, capacity 10324K, committed 10416K, reserved 1048576K
}
Event: 101,605 GC heap before
{Heap before GC invocations=29 (full 3):
 PSYoungGen      total 229376K, used 229240K [0x00000000f0000000, 0x0000000100000000, 0x0000000100000000)
  eden space 201728K, 100% used [0x00000000f0000000,0x00000000fc500000,0x00000000fc500000)
  from space 27648K, 99% used [0x00000000fc500000,0x00000000fdfde218,0x00000000fe000000)
  to   space 32768K, 0% used [0x00000000fe000000,0x00000000fe000000,0x0000000100000000)
 ParOldGen       total 524288K, used 85652K [0x00000000d0000000, 0x00000000f0000000, 0x00000000f0000000)
  object space 524288K, 16% used [0x00000000d0000000,0x00000000d53a5010,0x00000000f0000000)
 Metaspace       used 69778K, capacity 73926K, committed 74152K, reserved 1112064K
  class space    used 9194K, capacity 10549K, committed 10672K, reserved 1048576K
Event: 101,637 GC heap after
Heap after GC invocations=29 (full 3):
 PSYoungGen      total 221184K, used 30559K [0x00000000f0000000, 0x0000000100000000, 0x0000000100000000)
  eden space 188416K, 0% used [0x00000000f0000000,0x00000000f0000000,0x00000000fb800000)
  from space 32768K, 93% used [0x00000000fe000000,0x00000000ffdd7c38,0x0000000100000000)
  to   space 36864K, 0% used [0x00000000fb800000,0x00000000fb800000,0x00000000fdc00000)
 ParOldGen       total 524288K, used 85652K [0x00000000d0000000, 0x00000000f0000000, 0x00000000f0000000)
  object space 524288K, 16% used [0x00000000d0000000,0x00000000d53a5010,0x00000000f0000000)
 Metaspace       used 69778K, capacity 73926K, committed 74152K, reserved 1112064K
  class space    used 9194K, capacity 10549K, committed 10672K, reserved 1048576K
}
Event: 111,794 GC heap before
{Heap before GC invocations=30 (full 3):
 PSYoungGen      total 221184K, used 218975K [0x00000000f0000000, 0x0000000100000000, 0x0000000100000000)
  eden space 188416K, 100% used [0x00000000f0000000,0x00000000fb800000,0x00000000fb800000)
  from space 32768K, 93% used [0x00000000fe000000,0x00000000ffdd7c38,0x0000000100000000)
  to   space 36864K, 0% used [0x00000000fb800000,0x00000000fb800000,0x00000000fdc00000)
 ParOldGen       total 524288K, used 85652K [0x00000000d0000000, 0x00000000f0000000, 0x00000000f0000000)
  object space 524288K, 16% used [0x00000000d0000000,0x00000000d53a5010,0x00000000f0000000)
 Metaspace       used 71828K, capacity 76122K, committed 76456K, reserved 1114112K
  class space    used 9418K, capacity 10822K, committed 10928K, reserved 1048576K
Event: 111,847 GC heap after
Heap after GC invocations=30 (full 3):
 PSYoungGen      total 225280K, used 36841K [0x00000000f0000000, 0x0000000100000000, 0x0000000100000000)
  eden space 188416K, 0% used [0x00000000f0000000,0x00000000f0000000,0x00000000fb800000)
  from space 36864K, 99% used [0x00000000fb800000,0x00000000fdbfa6b8,0x00000000fdc00000)
  to   space 36864K, 0% used [0x00000000fdc00000,0x00000000fdc00000,0x0000000100000000)
 ParOldGen       total 524288K, used 96484K [0x00000000d0000000, 0x00000000f0000000, 0x00000000f0000000)
  object space 524288K, 18% used [0x00000000d0000000,0x00000000d5e39000,0x00000000f0000000)
 Metaspace       used 71828K, capacity 76122K, committed 76456K, reserved 1114112K
  class space    used 9418K, capacity 10822K, committed 10928K, reserved 1048576K
}

